{"meta": {"format": 3, "version": "7.16.0", "timestamp": "2026-09-10T19:31:17.607012", "branch_coverage": true, "show_contexts": false}, "files": {"src/forgeharness/__init__.py": {"executed_lines": [3, 5, 7], "summary": {"covered_lines": 3, "num_statements": 3, "percent_covered": 100.0, "percent_covered_display": "100", "missing_lines": 0, "excluded_lines": 0, "percent_statements_covered": 100.0, "percent_statements_covered_display": "100", "num_branches": 0, "num_partial_branches": 0, "covered_branches": 0, "missing_branches": 0, "percent_branches_covered": 100.0, "percent_branches_covered_display": "100"}, "missing_lines": [], "excluded_lines": [], "executed_branches": [], "missing_branches": [], "functions": {"": {"executed_lines": [3, 5, 7], "summary": {"covered_lines": 3, "num_statements": 3, "percent_covered": 100.0, "percent_covered_display": "100", "missing_lines": 0, "excluded_lines": 0, "percent_statements_covered": 100.0, "percent_statements_covered_display": "100", "num_branches": 0, "num_partial_branches": 0, "covered_branches": 0, "missing_branches": 0, "percent_branches_covered": 100.0, "percent_branches_covered_display": "100"}, "missing_lines": [], "excluded_lines": [], "start_line": 1, "executed_branches": [], "missing_branches": []}}, "classes": {"": {"executed_lines": [3, 5, 7], "summary": {"covered_lines": 3, "num_statements": 3, "percent_covered": 100.0, "percent_covered_display": "100", "missing_lines": 0, "excluded_lines": 0, "percent_statements_covered": 100.0, "percent_statements_covered_display": "100", "num_branches": 0, "num_partial_branches": 0, "covered_branches": 0, "missing_branches": 0, "percent_branches_covered": 100.0, "percent_branches_covered_display": "100"}, "missing_lines": [], "excluded_lines": [], "start_line": 1, "executed_branches": [], "missing_branches": []}}}, "src/forgeharness/api.py": {"executed_lines": [3, 5, 6, 7, 8, 9, 10, 11, 12, 13, 14, 16, 26, 27, 28, 29, 31, 32, 33, 38, 45, 46, 47, 48, 53, 54, 55, 56, 57, 58, 59, 60, 61, 62, 64, 65, 68, 71, 72, 75, 78, 79, 80, 83, 86, 87, 88, 89, 92, 95, 96, 97, 102, 105, 106, 109, 112, 113, 114, 117, 120, 121, 124, 127, 128, 129, 132, 133, 134, 135, 136, 137, 139, 140, 155, 162, 163, 164, 165, 166, 167, 168, 169, 170, 172, 173, 177, 179, 180, 181, 182, 184, 185, 186, 195, 196, 197, 198, 199, 202, 207, 208, 209, 213, 217, 218, 219, 220, 221, 222, 223, 224, 233, 234, 235, 236, 237, 238, 243, 245, 246, 247, 249, 250, 251, 252, 254, 255, 256, 263, 264, 278, 279, 280, 287, 288, 289, 291, 292, 293, 294, 295, 296, 297, 311, 319, 321, 322, 326, 327, 328, 331, 332, 333, 334, 335, 336, 337, 338, 339, 340, 341, 342, 343, 344, 345, 346, 347, 354, 355, 358, 359, 360, 363, 365, 366, 367, 368, 369, 370, 372, 373, 374, 375, 376, 377, 378, 379, 380, 383, 384, 385, 387, 388, 389, 390, 392, 393, 394, 395, 396, 397, 405, 406, 407, 408, 411, 412, 414, 415, 416, 418, 419, 420, 421, 422, 423, 424, 426, 427, 428, 429, 430, 431, 432, 433, 434, 435, 437, 438, 439, 440, 441, 442, 444, 445, 446, 447, 448, 449, 450, 465, 466, 467, 468, 469, 470, 471, 473, 476, 477, 478], "summary": {"covered_lines": 252, "num_statements": 273, "percent_covered": 90.34267912772586, "percent_covered_display": "90", "missing_lines": 21, "excluded_lines": 0, "percent_statements_covered": 92.3076923076923, "percent_statements_covered_display": "92", "num_branches": 48, "num_partial_branches": 4, "covered_branches": 38, "missing_branches": 10, "percent_branches_covered": 79.16666666666667, "percent_branches_covered_display": "79"}, "missing_lines": [174, 175, 265, 266, 267, 268, 269, 270, 271, 272, 361, 362, 386, 451, 452, 456, 457, 462, 463, 479, 480], "excluded_lines": [], "executed_branches": [[186, 195], [186, 207], [197, 198], [197, 199], [199, 202], [199, 207], [209, 213], [209, 218], [236, 237], [236, 243], [264, 278], [278, 279], [278, 280], [339, 340], [339, 342], [342, 343], [342, 363], [359, 360], [368, 369], [368, 370], [375, 376], [375, 387], [377, 378], [377, 379], [385, 387], [388, 389], [388, 390], [395, 396], [395, 397], [430, 431], [430, 432], [433, 434], [433, 435], [447, 448], [447, 449], [449, 450], [469, 470], [469, 471]], "missing_branches": [[264, 265], [270, 271], [270, 278], [359, 361], [361, 362], [361, 363], [385, 386], [449, 451], [451, 452], [451, 456]], "functions": {"_Metrics.__init__": {"executed_lines": [134, 135, 136, 137], "summary": {"covered_lines": 4, "num_statements": 4, "percent_covered": 100.0, "percent_covered_display": "100", "missing_lines": 0, "excluded_lines": 0, "percent_statements_covered": 100.0, "percent_statements_covered_display": "100", "num_branches": 0, "num_partial_branches": 0, "covered_branches": 0, "missing_branches": 0, "percent_branches_covered": 100.0, "percent_branches_covered_display": "100"}, "missing_lines": [], "excluded_lines": [], "start_line": 133, "executed_branches": [], "missing_branches": []}, "_Metrics.render": {"executed_lines": [140], "summary": {"covered_lines": 1, "num_statements": 1, "percent_covered": 100.0, "percent_covered_display": "100", "missing_lines": 0, "excluded_lines": 0, "percent_statements_covered": 100.0, "percent_statements_covered_display": "100", "num_branches": 0, "num_partial_branches": 0, "covered_branches": 0, "missing_branches": 0, "percent_branches_covered": 100.0, "percent_branches_covered_display": "100"}, "missing_lines": [], "excluded_lines": [], "start_line": 139, "executed_branches": [], "missing_branches": []}, "create_app": {"executed_lines": [162, 163, 164, 165, 166, 167, 168, 169, 170, 172, 173, 177, 179, 180, 181, 182, 184, 185, 245, 246, 249, 250, 251, 254, 255, 287, 288, 291, 292, 321, 322, 365, 366, 372, 373, 392, 393, 405, 406, 414, 415, 418, 419, 426, 427, 428, 437, 438, 444, 445, 465, 466, 467, 473], "summary": {"covered_lines": 54, "num_statements": 54, "percent_covered": 100.0, "percent_covered_display": "100", "missing_lines": 0, "excluded_lines": 0, "percent_statements_covered": 100.0, "percent_statements_covered_display": "100", "num_branches": 0, "num_partial_branches": 0, "covered_branches": 0, "missing_branches": 0, "percent_branches_covered": 100.0, "percent_branches_covered_display": "100"}, "missing_lines": [], "excluded_lines": [], "start_line": 155, "executed_branches": [], "missing_branches": []}, "create_app.lifespan": {"executed_lines": [], "summary": {"covered_lines": 0, "num_statements": 2, "percent_covered": 0.0, "percent_covered_display": "0", "missing_lines": 2, "excluded_lines": 0, "percent_statements_covered": 0.0, "percent_statements_covered_display": "0", "num_branches": 0, "num_partial_branches": 0, "covered_branches": 0, "missing_branches": 0, "percent_branches_covered": 100.0, "percent_branches_covered_display": "100"}, "missing_lines": [174, 175], "excluded_lines": [], "start_line": 173, "executed_branches": [], "missing_branches": []}, "create_app.record_metrics": {"executed_lines": [186, 195, 196, 197, 198, 199, 202, 207, 208, 209, 213, 217, 218, 219, 220, 221, 222, 223, 224, 233, 234, 235, 236, 237, 238, 243], "summary": {"covered_lines": 26, "num_statements": 26, "percent_covered": 100.0, "percent_covered_display": "100", "missing_lines": 0, "excluded_lines": 0, "percent_statements_covered": 100.0, "percent_statements_covered_display": "100", "num_branches": 10, "num_partial_branches": 0, "covered_branches": 10, "missing_branches": 0, "percent_branches_covered": 100.0, "percent_branches_covered_display": "100"}, "missing_lines": [], "excluded_lines": [], "start_line": 185, "executed_branches": [[186, 195], [186, 207], [197, 198], [197, 199], [199, 202], [199, 207], [209, 213], [209, 218], [236, 237], [236, 243]], "missing_branches": []}, "create_app.user_interface": {"executed_lines": [247], "summary": {"covered_lines": 1, "num_statements": 1, "percent_covered": 100.0, "percent_covered_display": "100", "missing_lines": 0, "excluded_lines": 0, "percent_statements_covered": 100.0, "percent_statements_covered_display": "100", "num_branches": 0, "num_partial_branches": 0, "covered_branches": 0, "missing_branches": 0, "percent_branches_covered": 100.0, "percent_branches_covered_display": "100"}, "missing_lines": [], "excluded_lines": [], "start_line": 246, "executed_branches": [], "missing_branches": []}, "create_app.health": {"executed_lines": [252], "summary": {"covered_lines": 1, "num_statements": 1, "percent_covered": 100.0, "percent_covered_display": "100", "missing_lines": 0, "excluded_lines": 0, "percent_statements_covered": 100.0, "percent_statements_covered_display": "100", "num_branches": 0, "num_partial_branches": 0, "covered_branches": 0, "missing_branches": 0, "percent_branches_covered": 100.0, "percent_branches_covered_display": "100"}, "missing_lines": [], "excluded_lines": [], "start_line": 251, "executed_branches": [], "missing_branches": []}, "create_app.readiness": {"executed_lines": [256, 263, 264, 278, 279, 280], "summary": {"covered_lines": 6, "num_statements": 14, "percent_covered": 45.0, "percent_covered_display": "45", "missing_lines": 8, "excluded_lines": 0, "percent_statements_covered": 42.857142857142854, "percent_statements_covered_display": "43", "num_branches": 6, "num_partial_branches": 1, "covered_branches": 3, "missing_branches": 3, "percent_branches_covered": 50.0, "percent_branches_covered_display": "50"}, "missing_lines": [265, 266, 267, 268, 269, 270, 271, 272], "excluded_lines": [], "start_line": 255, "executed_branches": [[264, 278], [278, 279], [278, 280]], "missing_branches": [[264, 265], [270, 271], [270, 278]]}, "create_app.get_metrics": {"executed_lines": [289], "summary": {"covered_lines": 1, "num_statements": 1, "percent_covered": 100.0, "percent_covered_display": "100", "missing_lines": 0, "excluded_lines": 0, "percent_statements_covered": 100.0, "percent_statements_covered_display": "100", "num_branches": 0, "num_partial_branches": 0, "covered_branches": 0, "missing_branches": 0, "percent_branches_covered": 100.0, "percent_branches_covered_display": "100"}, "missing_lines": [], "excluded_lines": [], "start_line": 288, "executed_branches": [], "missing_branches": []}, "create_app.keyless_demo": {"executed_lines": [293, 294, 295, 296, 297, 311, 319], "summary": {"covered_lines": 7, "num_statements": 7, "percent_covered": 100.0, "percent_covered_display": "100", "missing_lines": 0, "excluded_lines": 0, "percent_statements_covered": 100.0, "percent_statements_covered_display": "100", "num_branches": 0, "num_partial_branches": 0, "covered_branches": 0, "missing_branches": 0, "percent_branches_covered": 100.0, "percent_branches_covered_display": "100"}, "missing_lines": [], "excluded_lines": [], "start_line": 292, "executed_branches": [], "missing_branches": []}, "create_app.upload_document": {"executed_lines": [326, 327, 328, 331, 332, 333, 334, 335, 336, 337, 338, 339, 340, 341, 342, 343, 344, 345, 346, 347, 354, 355, 358, 359, 360, 363], "summary": {"covered_lines": 26, "num_statements": 28, "percent_covered": 86.11111111111111, "percent_covered_display": "86", "missing_lines": 2, "excluded_lines": 0, "percent_statements_covered": 92.85714285714286, "percent_statements_covered_display": "93", "num_branches": 8, "num_partial_branches": 1, "covered_branches": 5, "missing_branches": 3, "percent_branches_covered": 62.5, "percent_branches_covered_display": "62"}, "missing_lines": [361, 362], "excluded_lines": [], "start_line": 322, "executed_branches": [[339, 340], [339, 342], [342, 343], [342, 363], [359, 360]], "missing_branches": [[359, 361], [361, 362], [361, 363]]}, "create_app.get_job": {"executed_lines": [367, 368, 369, 370], "summary": {"covered_lines": 4, "num_statements": 4, "percent_covered": 100.0, "percent_covered_display": "100", "missing_lines": 0, "excluded_lines": 0, "percent_statements_covered": 100.0, "percent_statements_covered_display": "100", "num_branches": 2, "num_partial_branches": 0, "covered_branches": 2, "missing_branches": 0, "percent_branches_covered": 100.0, "percent_branches_covered_display": "100"}, "missing_lines": [], "excluded_lines": [], "start_line": 366, "executed_branches": [[368, 369], [368, 370]], "missing_branches": []}, "create_app.create_session": {"executed_lines": [374, 375, 376, 377, 378, 379, 380, 383, 384, 385, 387, 388, 389, 390], "summary": {"covered_lines": 14, "num_statements": 15, "percent_covered": 91.30434782608695, "percent_covered_display": "91", "missing_lines": 1, "excluded_lines": 0, "percent_statements_covered": 93.33333333333333, "percent_statements_covered_display": "93", "num_branches": 8, "num_partial_branches": 1, "covered_branches": 7, "missing_branches": 1, "percent_branches_covered": 87.5, "percent_branches_covered_display": "88"}, "missing_lines": [386], "excluded_lines": [], "start_line": 373, "executed_branches": [[375, 376], [375, 387], [377, 378], [377, 379], [385, 387], [388, 389], [388, 390]], "missing_branches": [[385, 386]]}, "create_app.get_session": {"executed_lines": [394, 395, 396, 397], "summary": {"covered_lines": 4, "num_statements": 4, "percent_covered": 100.0, "percent_covered_display": "100", "missing_lines": 0, "excluded_lines": 0, "percent_statements_covered": 100.0, "percent_statements_covered_display": "100", "num_branches": 2, "num_partial_branches": 0, "covered_branches": 2, "missing_branches": 0, "percent_branches_covered": 100.0, "percent_branches_covered_display": "100"}, "missing_lines": [], "excluded_lines": [], "start_line": 393, "executed_branches": [[395, 396], [395, 397]], "missing_branches": []}, "create_app.send_message": {"executed_lines": [407, 408, 411, 412], "summary": {"covered_lines": 4, "num_statements": 4, "percent_covered": 100.0, "percent_covered_display": "100", "missing_lines": 0, "excluded_lines": 0, "percent_statements_covered": 100.0, "percent_statements_covered_display": "100", "num_branches": 0, "num_partial_branches": 0, "covered_branches": 0, "missing_branches": 0, "percent_branches_covered": 100.0, "percent_branches_covered_display": "100"}, "missing_lines": [], "excluded_lines": [], "start_line": 406, "executed_branches": [], "missing_branches": []}, "create_app.search": {"executed_lines": [416], "summary": {"covered_lines": 1, "num_statements": 1, "percent_covered": 100.0, "percent_covered_display": "100", "missing_lines": 0, "excluded_lines": 0, "percent_statements_covered": 100.0, "percent_statements_covered_display": "100", "num_branches": 0, "num_partial_branches": 0, "covered_branches": 0, "missing_branches": 0, "percent_branches_covered": 100.0, "percent_branches_covered_display": "100"}, "missing_lines": [], "excluded_lines": [], "start_line": 415, "executed_branches": [], "missing_branches": []}, "create_app.review_memory": {"executed_lines": [420, 421, 422, 423, 424], "summary": {"covered_lines": 5, "num_statements": 5, "percent_covered": 100.0, "percent_covered_display": "100", "missing_lines": 0, "excluded_lines": 0, "percent_statements_covered": 100.0, "percent_statements_covered_display": "100", "num_branches": 0, "num_partial_branches": 0, "covered_branches": 0, "missing_branches": 0, "percent_branches_covered": 100.0, "percent_branches_covered_display": "100"}, "missing_lines": [], "excluded_lines": [], "start_line": 419, "executed_branches": [], "missing_branches": []}, "create_app.get_run": {"executed_lines": [429, 430, 431, 432, 433, 434, 435], "summary": {"covered_lines": 7, "num_statements": 7, "percent_covered": 100.0, "percent_covered_display": "100", "missing_lines": 0, "excluded_lines": 0, "percent_statements_covered": 100.0, "percent_statements_covered_display": "100", "num_branches": 4, "num_partial_branches": 0, "covered_branches": 4, "missing_branches": 0, "percent_branches_covered": 100.0, "percent_branches_covered_display": "100"}, "missing_lines": [], "excluded_lines": [], "start_line": 428, "executed_branches": [[430, 431], [430, 432], [433, 434], [433, 435]], "missing_branches": []}, "create_app.delete_memory": {"executed_lines": [439, 440, 441, 442], "summary": {"covered_lines": 4, "num_statements": 4, "percent_covered": 100.0, "percent_covered_display": "100", "missing_lines": 0, "excluded_lines": 0, "percent_statements_covered": 100.0, "percent_statements_covered_display": "100", "num_branches": 0, "num_partial_branches": 0, "covered_branches": 0, "missing_branches": 0, "percent_branches_covered": 100.0, "percent_branches_covered_display": "100"}, "missing_lines": [], "excluded_lines": [], "start_line": 438, "executed_branches": [], "missing_branches": []}, "create_app.approve_run": {"executed_lines": [446, 447, 448, 449, 450], "summary": {"covered_lines": 5, "num_statements": 11, "percent_covered": 47.05882352941177, "percent_covered_display": "47", "missing_lines": 6, "excluded_lines": 0, "percent_statements_covered": 45.45454545454545, "percent_statements_covered_display": "45", "num_branches": 6, "num_partial_branches": 1, "covered_branches": 3, "missing_branches": 3, "percent_branches_covered": 50.0, "percent_branches_covered_display": "50"}, "missing_lines": [451, 452, 456, 457, 462, 463], "excluded_lines": [], "start_line": 445, "executed_branches": [[447, 448], [447, 449], [449, 450]], "missing_branches": [[449, 451], [451, 452], [451, 456]]}, "create_app.get_trace_verification": {"executed_lines": [468, 469, 470, 471], "summary": {"covered_lines": 4, "num_statements": 4, "percent_covered": 100.0, "percent_covered_display": "100", "missing_lines": 0, "excluded_lines": 0, "percent_statements_covered": 100.0, "percent_statements_covered_display": "100", "num_branches": 2, "num_partial_branches": 0, "covered_branches": 2, "missing_branches": 0, "percent_branches_covered": 100.0, "percent_branches_covered_display": "100"}, "missing_lines": [], "excluded_lines": [], "start_line": 467, "executed_branches": [[469, 470], [469, 471]], "missing_branches": []}, "_safe_probe": {"executed_lines": [477, 478], "summary": {"covered_lines": 2, "num_statements": 4, "percent_covered": 50.0, "percent_covered_display": "50", "missing_lines": 2, "excluded_lines": 0, "percent_statements_covered": 50.0, "percent_statements_covered_display": "50", "num_branches": 0, "num_partial_branches": 0, "covered_branches": 0, "missing_branches": 0, "percent_branches_covered": 100.0, "percent_branches_covered_display": "100"}, "missing_lines": [479, 480], "excluded_lines": [], "start_line": 476, "executed_branches": [], "missing_branches": []}, "": {"executed_lines": [3, 5, 6, 7, 8, 9, 10, 11, 12, 13, 14, 16, 26, 27, 28, 29, 31, 32, 33, 38, 45, 46, 47, 48, 53, 54, 55, 56, 57, 58, 59, 60, 61, 62, 64, 65, 68, 71, 72, 75, 78, 79, 80, 83, 86, 87, 88, 89, 92, 95, 96, 97, 102, 105, 106, 109, 112, 113, 114, 117, 120, 121, 124, 127, 128, 129, 132, 133, 139, 155, 476], "summary": {"covered_lines": 71, "num_statements": 71, "percent_covered": 100.0, "percent_covered_display": "100", "missing_lines": 0, "excluded_lines": 0, "percent_statements_covered": 100.0, "percent_statements_covered_display": "100", "num_branches": 0, "num_partial_branches": 0, "covered_branches": 0, "missing_branches": 0, "percent_branches_covered": 100.0, "percent_branches_covered_display": "100"}, "missing_lines": [], "excluded_lines": [], "start_line": 1, "executed_branches": [], "missing_branches": []}}, "classes": {"KeylessDemoRequest": {"executed_lines": [], "summary": {"covered_lines": 0, "num_statements": 0, "percent_covered": 100.0, "percent_covered_display": "100", "missing_lines": 0, "excluded_lines": 0, "percent_statements_covered": 100.0, "percent_statements_covered_display": "100", "num_branches": 0, "num_partial_branches": 0, "covered_branches": 0, "missing_branches": 0, "percent_branches_covered": 100.0, "percent_branches_covered_display": "100"}, "missing_lines": [], "excluded_lines": [], "start_line": 68, "executed_branches": [], "missing_branches": []}, "HealthResponse": {"executed_lines": [], "summary": {"covered_lines": 0, "num_statements": 0, "percent_covered": 100.0, "percent_covered_display": "100", "missing_lines": 0, "excluded_lines": 0, "percent_statements_covered": 100.0, "percent_statements_covered_display": "100", "num_branches": 0, "num_partial_branches": 0, "covered_branches": 0, "missing_branches": 0, "percent_branches_covered": 100.0, "percent_branches_covered_display": "100"}, "missing_lines": [], "excluded_lines": [], "start_line": 75, "executed_branches": [], "missing_branches": []}, "ReadinessResponse": {"executed_lines": [], "summary": {"covered_lines": 0, "num_statements": 0, "percent_covered": 100.0, "percent_covered_display": "100", "missing_lines": 0, "excluded_lines": 0, "percent_statements_covered": 100.0, "percent_statements_covered_display": "100", "num_branches": 0, "num_partial_branches": 0, "covered_branches": 0, "missing_branches": 0, "percent_branches_covered": 100.0, "percent_branches_covered_display": "100"}, "missing_lines": [], "excluded_lines": [], "start_line": 83, "executed_branches": [], "missing_branches": []}, "MessageRequest": {"executed_lines": [], "summary": {"covered_lines": 0, "num_statements": 0, "percent_covered": 100.0, "percent_covered_display": "100", "missing_lines": 0, "excluded_lines": 0, "percent_statements_covered": 100.0, "percent_statements_covered_display": "100", "num_branches": 0, "num_partial_branches": 0, "covered_branches": 0, "missing_branches": 0, "percent_branches_covered": 100.0, "percent_branches_covered_display": "100"}, "missing_lines": [], "excluded_lines": [], "start_line": 92, "executed_branches": [], "missing_branches": []}, "SessionCreateRequest": {"executed_lines": [], "summary": {"covered_lines": 0, "num_statements": 0, "percent_covered": 100.0, "percent_covered_display": "100", "missing_lines": 0, "excluded_lines": 0, "percent_statements_covered": 100.0, "percent_statements_covered_display": "100", "num_branches": 0, "num_partial_branches": 0, "covered_branches": 0, "missing_branches": 0, "percent_branches_covered": 100.0, "percent_branches_covered_display": "100"}, "missing_lines": [], "excluded_lines": [], "start_line": 102, "executed_branches": [], "missing_branches": []}, "SearchRequest": {"executed_lines": [], "summary": {"covered_lines": 0, "num_statements": 0, "percent_covered": 100.0, "percent_covered_display": "100", "missing_lines": 0, "excluded_lines": 0, "percent_statements_covered": 100.0, "percent_statements_covered_display": "100", "num_branches": 0, "num_partial_branches": 0, "covered_branches": 0, "missing_branches": 0, "percent_branches_covered": 100.0, "percent_branches_covered_display": "100"}, "missing_lines": [], "excluded_lines": [], "start_line": 109, "executed_branches": [], "missing_branches": []}, "MemoryReviewRequest": {"executed_lines": [], "summary": {"covered_lines": 0, "num_statements": 0, "percent_covered": 100.0, "percent_covered_display": "100", "missing_lines": 0, "excluded_lines": 0, "percent_statements_covered": 100.0, "percent_statements_covered_display": "100", "num_branches": 0, "num_partial_branches": 0, "covered_branches": 0, "missing_branches": 0, "percent_branches_covered": 100.0, "percent_branches_covered_display": "100"}, "missing_lines": [], "excluded_lines": [], "start_line": 117, "executed_branches": [], "missing_branches": []}, "RunApprovalRequest": {"executed_lines": [], "summary": {"covered_lines": 0, "num_statements": 0, "percent_covered": 100.0, "percent_covered_display": "100", "missing_lines": 0, "excluded_lines": 0, "percent_statements_covered": 100.0, "percent_statements_covered_display": "100", "num_branches": 0, "num_partial_branches": 0, "covered_branches": 0, "missing_branches": 0, "percent_branches_covered": 100.0, "percent_branches_covered_display": "100"}, "missing_lines": [], "excluded_lines": [], "start_line": 124, "executed_branches": [], "missing_branches": []}, "_Metrics": {"executed_lines": [134, 135, 136, 137, 140], "summary": {"covered_lines": 5, "num_statements": 5, "percent_covered": 100.0, "percent_covered_display": "100", "missing_lines": 0, "excluded_lines": 0, "percent_statements_covered": 100.0, "percent_statements_covered_display": "100", "num_branches": 0, "num_partial_branches": 0, "covered_branches": 0, "missing_branches": 0, "percent_branches_covered": 100.0, "percent_branches_covered_display": "100"}, "missing_lines": [], "excluded_lines": [], "start_line": 132, "executed_branches": [], "missing_branches": []}, "": {"executed_lines": [3, 5, 6, 7, 8, 9, 10, 11, 12, 13, 14, 16, 26, 27, 28, 29, 31, 32, 33, 38, 45, 46, 47, 48, 53, 54, 55, 56, 57, 58, 59, 60, 61, 62, 64, 65, 68, 71, 72, 75, 78, 79, 80, 83, 86, 87, 88, 89, 92, 95, 96, 97, 102, 105, 106, 109, 112, 113, 114, 117, 120, 121, 124, 127, 128, 129, 132, 133, 139, 155, 162, 163, 164, 165, 166, 167, 168, 169, 170, 172, 173, 177, 179, 180, 181, 182, 184, 185, 186, 195, 196, 197, 198, 199, 202, 207, 208, 209, 213, 217, 218, 219, 220, 221, 222, 223, 224, 233, 234, 235, 236, 237, 238, 243, 245, 246, 247, 249, 250, 251, 252, 254, 255, 256, 263, 264, 278, 279, 280, 287, 288, 289, 291, 292, 293, 294, 295, 296, 297, 311, 319, 321, 322, 326, 327, 328, 331, 332, 333, 334, 335, 336, 337, 338, 339, 340, 341, 342, 343, 344, 345, 346, 347, 354, 355, 358, 359, 360, 363, 365, 366, 367, 368, 369, 370, 372, 373, 374, 375, 376, 377, 378, 379, 380, 383, 384, 385, 387, 388, 389, 390, 392, 393, 394, 395, 396, 397, 405, 406, 407, 408, 411, 412, 414, 415, 416, 418, 419, 420, 421, 422, 423, 424, 426, 427, 428, 429, 430, 431, 432, 433, 434, 435, 437, 438, 439, 440, 441, 442, 444, 445, 446, 447, 448, 449, 450, 465, 466, 467, 468, 469, 470, 471, 473, 476, 477, 478], "summary": {"covered_lines": 247, "num_statements": 268, "percent_covered": 90.18987341772151, "percent_covered_display": "90", "missing_lines": 21, "excluded_lines": 0, "percent_statements_covered": 92.16417910447761, "percent_statements_covered_display": "92", "num_branches": 48, "num_partial_branches": 4, "covered_branches": 38, "missing_branches": 10, "percent_branches_covered": 79.16666666666667, "percent_branches_covered_display": "79"}, "missing_lines": [174, 175, 265, 266, 267, 268, 269, 270, 271, 272, 361, 362, 386, 451, 452, 456, 457, 462, 463, 479, 480], "excluded_lines": [], "start_line": 1, "executed_branches": [[186, 195], [186, 207], [197, 198], [197, 199], [199, 202], [199, 207], [209, 213], [209, 218], [236, 237], [236, 243], [264, 278], [278, 279], [278, 280], [339, 340], [339, 342], [342, 343], [342, 363], [359, 360], [368, 369], [368, 370], [375, 376], [375, 387], [377, 378], [377, 379], [385, 387], [388, 389], [388, 390], [395, 396], [395, 397], [430, 431], [430, 432], [433, 434], [433, 435], [447, 448], [447, 449], [449, 450], [469, 470], [469, 471]], "missing_branches": [[264, 265], [270, 271], [270, 278], [359, 361], [361, 362], [361, 363], [385, 386], [449, 451], [451, 452], [451, 456]]}}}, "src/forgeharness/cli.py": {"executed_lines": [3, 5, 6, 7, 8, 9, 11, 12, 13, 15, 16, 17, 25, 26, 27, 28, 29, 30, 33, 34, 38, 39, 40, 41, 42, 43, 44, 45, 46, 47, 48, 50, 55, 58, 59, 63, 64, 66, 69, 70, 72, 73, 74, 75, 76, 79, 80, 85, 92, 93, 94, 95, 96, 99, 100, 110, 124, 125, 128, 129, 130, 131, 132, 133, 136, 137, 142, 149, 150, 151, 152, 153, 154, 155, 156, 157, 160, 161, 165, 166, 167, 168, 169, 170, 171, 172, 175, 176, 181, 188, 189, 190, 191, 192, 193, 196, 197, 209, 210, 211, 212, 223, 224, 225, 228, 229, 234, 235, 236, 237, 238, 239, 240, 241, 242, 245, 246, 252, 255, 256, 257, 258, 259, 260, 273, 280, 281, 284, 294, 295, 296, 297, 298, 299, 307, 314, 315, 316, 317, 319, 320, 321, 322, 323, 324, 325, 328, 329, 330, 331, 335, 336, 337, 338], "summary": {"covered_lines": 154, "num_statements": 155, "percent_covered": 98.91891891891892, "percent_covered_display": "99", "missing_lines": 1, "excluded_lines": 0, "percent_statements_covered": 99.35483870967742, "percent_statements_covered_display": "99", "num_branches": 30, "num_partial_branches": 1, "covered_branches": 29, "missing_branches": 1, "percent_branches_covered": 96.66666666666667, "percent_branches_covered_display": "97"}, "missing_lines": [318], "excluded_lines": [], "executed_branches": [[95, -79], [95, 96], [124, 125], [124, 128], [128, 129], [128, 130], [132, -99], [132, 133], [156, -136], [156, 157], [171, -160], [171, 172], [210, 211], [210, 212], [224, -196], [224, 225], [235, 236], [235, 238], [240, -228], [240, 241], [315, 316], [315, 325], [317, 319], [321, 322], [321, 323], [335, 336], [335, 337], [337, -328], [337, 338]], "missing_branches": [[317, 318]], "functions": {"main": {"executed_lines": [], "summary": {"covered_lines": 0, "num_statements": 0, "percent_covered": 100.0, "percent_covered_display": "100", "missing_lines": 0, "excluded_lines": 0, "percent_statements_covered": 100.0, "percent_statements_covered_display": "100", "num_branches": 0, "num_partial_branches": 0, "covered_branches": 0, "missing_branches": 0, "percent_branches_covered": 100.0, "percent_branches_covered_display": "100"}, "missing_lines": [], "excluded_lines": [], "start_line": 59, "executed_branches": [], "missing_branches": []}, "review_repository": {"executed_lines": [66], "summary": {"covered_lines": 1, "num_statements": 1, "percent_covered": 100.0, "percent_covered_display": "100", "missing_lines": 0, "excluded_lines": 0, "percent_statements_covered": 100.0, "percent_statements_covered_display": "100", "num_branches": 0, "num_partial_branches": 0, "covered_branches": 0, "missing_branches": 0, "percent_branches_covered": 100.0, "percent_branches_covered_display": "100"}, "missing_lines": [], "excluded_lines": [], "start_line": 64, "executed_branches": [], "missing_branches": []}, "demo": {"executed_lines": [72, 73, 74, 75, 76], "summary": {"covered_lines": 5, "num_statements": 5, "percent_covered": 100.0, "percent_covered_display": "100", "missing_lines": 0, "excluded_lines": 0, "percent_statements_covered": 100.0, "percent_statements_covered_display": "100", "num_branches": 0, "num_partial_branches": 0, "covered_branches": 0, "missing_branches": 0, "percent_branches_covered": 100.0, "percent_branches_covered_display": "100"}, "missing_lines": [], "excluded_lines": [], "start_line": 70, "executed_branches": [], "missing_branches": []}, "evaluate_control": {"executed_lines": [85, 92, 93, 94, 95, 96], "summary": {"covered_lines": 6, "num_statements": 6, "percent_covered": 100.0, "percent_covered_display": "100", "missing_lines": 0, "excluded_lines": 0, "percent_statements_covered": 100.0, "percent_statements_covered_display": "100", "num_branches": 2, "num_partial_branches": 0, "covered_branches": 2, "missing_branches": 0, "percent_branches_covered": 100.0, "percent_branches_covered_display": "100"}, "missing_lines": [], "excluded_lines": [], "start_line": 80, "executed_branches": [[95, -79], [95, 96]], "missing_branches": []}, "qualify_omlx": {"executed_lines": [110, 124, 125, 128, 129, 130, 131, 132, 133], "summary": {"covered_lines": 9, "num_statements": 9, "percent_covered": 100.0, "percent_covered_display": "100", "missing_lines": 0, "excluded_lines": 0, "percent_statements_covered": 100.0, "percent_statements_covered_display": "100", "num_branches": 6, "num_partial_branches": 0, "covered_branches": 6, "missing_branches": 0, "percent_branches_covered": 100.0, "percent_branches_covered_display": "100"}, "missing_lines": [], "excluded_lines": [], "start_line": 100, "executed_branches": [[124, 125], [124, 128], [128, 129], [128, 130], [132, -99], [132, 133]], "missing_branches": []}, "evaluate_rag": {"executed_lines": [142, 149, 150, 151, 152, 153, 154, 155, 156, 157], "summary": {"covered_lines": 10, "num_statements": 10, "percent_covered": 100.0, "percent_covered_display": "100", "missing_lines": 0, "excluded_lines": 0, "percent_statements_covered": 100.0, "percent_statements_covered_display": "100", "num_branches": 2, "num_partial_branches": 0, "covered_branches": 2, "missing_branches": 0, "percent_branches_covered": 100.0, "percent_branches_covered_display": "100"}, "missing_lines": [], "excluded_lines": [], "start_line": 137, "executed_branches": [[156, -136], [156, 157]], "missing_branches": []}, "benchmark_retrieval": {"executed_lines": [165, 166, 167, 168, 169, 170, 171, 172], "summary": {"covered_lines": 8, "num_statements": 8, "percent_covered": 100.0, "percent_covered_display": "100", "missing_lines": 0, "excluded_lines": 0, "percent_statements_covered": 100.0, "percent_statements_covered_display": "100", "num_branches": 2, "num_partial_branches": 0, "covered_branches": 2, "missing_branches": 0, "percent_branches_covered": 100.0, "percent_branches_covered_display": "100"}, "missing_lines": [], "excluded_lines": [], "start_line": 161, "executed_branches": [[171, -160], [171, 172]], "missing_branches": []}, "evaluate_reviewer": {"executed_lines": [181, 188, 189, 190, 191, 192, 193], "summary": {"covered_lines": 7, "num_statements": 7, "percent_covered": 100.0, "percent_covered_display": "100", "missing_lines": 0, "excluded_lines": 0, "percent_statements_covered": 100.0, "percent_statements_covered_display": "100", "num_branches": 0, "num_partial_branches": 0, "covered_branches": 0, "missing_branches": 0, "percent_branches_covered": 100.0, "percent_branches_covered_display": "100"}, "missing_lines": [], "excluded_lines": [], "start_line": 176, "executed_branches": [], "missing_branches": []}, "repair": {"executed_lines": [209, 210, 211, 212, 223, 224, 225], "summary": {"covered_lines": 7, "num_statements": 7, "percent_covered": 100.0, "percent_covered_display": "100", "missing_lines": 0, "excluded_lines": 0, "percent_statements_covered": 100.0, "percent_statements_covered_display": "100", "num_branches": 4, "num_partial_branches": 0, "covered_branches": 4, "missing_branches": 0, "percent_branches_covered": 100.0, "percent_branches_covered_display": "100"}, "missing_lines": [], "excluded_lines": [], "start_line": 197, "executed_branches": [[210, 211], [210, 212], [224, -196], [224, 225]], "missing_branches": []}, "inspect_run": {"executed_lines": [234, 235, 236, 237, 238, 239, 240, 241, 242], "summary": {"covered_lines": 9, "num_statements": 9, "percent_covered": 100.0, "percent_covered_display": "100", "missing_lines": 0, "excluded_lines": 0, "percent_statements_covered": 100.0, "percent_statements_covered_display": "100", "num_branches": 4, "num_partial_branches": 0, "covered_branches": 4, "missing_branches": 0, "percent_branches_covered": 100.0, "percent_branches_covered_display": "100"}, "missing_lines": [], "excluded_lines": [], "start_line": 229, "executed_branches": [[235, 236], [235, 238], [240, -228], [240, 241]], "missing_branches": []}, "serve": {"executed_lines": [252], "summary": {"covered_lines": 1, "num_statements": 1, "percent_covered": 100.0, "percent_covered_display": "100", "missing_lines": 0, "excluded_lines": 0, "percent_statements_covered": 100.0, "percent_statements_covered_display": "100", "num_branches": 0, "num_partial_branches": 0, "covered_branches": 0, "missing_branches": 0, "percent_branches_covered": 100.0, "percent_branches_covered_display": "100"}, "missing_lines": [], "excluded_lines": [], "start_line": 246, "executed_branches": [], "missing_branches": []}, "_demo": {"executed_lines": [256, 257, 258, 259, 260, 273, 280, 281], "summary": {"covered_lines": 8, "num_statements": 8, "percent_covered": 100.0, "percent_covered_display": "100", "missing_lines": 0, "excluded_lines": 0, "percent_statements_covered": 100.0, "percent_statements_covered_display": "100", "num_branches": 0, "num_partial_branches": 0, "covered_branches": 0, "missing_branches": 0, "percent_branches_covered": 100.0, "percent_branches_covered_display": "100"}, "missing_lines": [], "excluded_lines": [], "start_line": 255, "executed_branches": [], "missing_branches": []}, "_repair": {"executed_lines": [294, 295, 296, 297, 298, 299, 307, 314, 315, 316, 317, 319, 320, 321, 322, 323, 324, 325], "summary": {"covered_lines": 18, "num_statements": 19, "percent_covered": 92.0, "percent_covered_display": "92", "missing_lines": 1, "excluded_lines": 0, "percent_statements_covered": 94.73684210526316, "percent_statements_covered_display": "95", "num_branches": 6, "num_partial_branches": 1, "covered_branches": 5, "missing_branches": 1, "percent_branches_covered": 83.33333333333333, "percent_branches_covered_display": "83"}, "missing_lines": [318], "excluded_lines": [], "start_line": 284, "executed_branches": [[315, 316], [315, 325], [317, 319], [321, 322], [321, 323]], "missing_branches": [[317, 318]]}, "_print_result": {"executed_lines": [329, 330, 331, 335, 336, 337, 338], "summary": {"covered_lines": 7, "num_statements": 7, "percent_covered": 100.0, "percent_covered_display": "100", "missing_lines": 0, "excluded_lines": 0, "percent_statements_covered": 100.0, "percent_statements_covered_display": "100", "num_branches": 4, "num_partial_branches": 0, "covered_branches": 4, "missing_branches": 0, "percent_branches_covered": 100.0, "percent_branches_covered_display": "100"}, "missing_lines": [], "excluded_lines": [], "start_line": 328, "executed_branches": [[335, 336], [335, 337], [337, -328], [337, 338]], "missing_branches": []}, "": {"executed_lines": [3, 5, 6, 7, 8, 9, 11, 12, 13, 15, 16, 17, 25, 26, 27, 28, 29, 30, 33, 34, 38, 39, 40, 41, 42, 43, 44, 45, 46, 47, 48, 50, 55, 58, 59, 63, 64, 69, 70, 79, 80, 99, 100, 136, 137, 160, 161, 175, 176, 196, 197, 228, 229, 245, 246, 255, 284, 328], "summary": {"covered_lines": 58, "num_statements": 58, "percent_covered": 100.0, "percent_covered_display": "100", "missing_lines": 0, "excluded_lines": 0, "percent_statements_covered": 100.0, "percent_statements_covered_display": "100", "num_branches": 0, "num_partial_branches": 0, "covered_branches": 0, "missing_branches": 0, "percent_branches_covered": 100.0, "percent_branches_covered_display": "100"}, "missing_lines": [], "excluded_lines": [], "start_line": 1, "executed_branches": [], "missing_branches": []}}, "classes": {"": {"executed_lines": [3, 5, 6, 7, 8, 9, 11, 12, 13, 15, 16, 17, 25, 26, 27, 28, 29, 30, 33, 34, 38, 39, 40, 41, 42, 43, 44, 45, 46, 47, 48, 50, 55, 58, 59, 63, 64, 66, 69, 70, 72, 73, 74, 75, 76, 79, 80, 85, 92, 93, 94, 95, 96, 99, 100, 110, 124, 125, 128, 129, 130, 131, 132, 133, 136, 137, 142, 149, 150, 151, 152, 153, 154, 155, 156, 157, 160, 161, 165, 166, 167, 168, 169, 170, 171, 172, 175, 176, 181, 188, 189, 190, 191, 192, 193, 196, 197, 209, 210, 211, 212, 223, 224, 225, 228, 229, 234, 235, 236, 237, 238, 239, 240, 241, 242, 245, 246, 252, 255, 256, 257, 258, 259, 260, 273, 280, 281, 284, 294, 295, 296, 297, 298, 299, 307, 314, 315, 316, 317, 319, 320, 321, 322, 323, 324, 325, 328, 329, 330, 331, 335, 336, 337, 338], "summary": {"covered_lines": 154, "num_statements": 155, "percent_covered": 98.91891891891892, "percent_covered_display": "99", "missing_lines": 1, "excluded_lines": 0, "percent_statements_covered": 99.35483870967742, "percent_statements_covered_display": "99", "num_branches": 30, "num_partial_branches": 1, "covered_branches": 29, "missing_branches": 1, "percent_branches_covered": 96.66666666666667, "percent_branches_covered_display": "97"}, "missing_lines": [318], "excluded_lines": [], "start_line": 1, "executed_branches": [[95, -79], [95, 96], [124, 125], [124, 128], [128, 129], [128, 130], [132, -99], [132, 133], [156, -136], [156, 157], [171, -160], [171, 172], [210, 211], [210, 212], [224, -196], [224, 225], [235, 236], [235, 238], [240, -228], [240, 241], [315, 316], [315, 325], [317, 319], [321, 322], [321, 323], [335, 336], [335, 337], [337, -328], [337, 338]], "missing_branches": [[317, 318]]}}}, "src/forgeharness/coding/__init__.py": {"executed_lines": [3, 4, 6], "summary": {"covered_lines": 3, "num_statements": 3, "percent_covered": 100.0, "percent_covered_display": "100", "missing_lines": 0, "excluded_lines": 0, "percent_statements_covered": 100.0, "percent_statements_covered_display": "100", "num_branches": 0, "num_partial_branches": 0, "covered_branches": 0, "missing_branches": 0, "percent_branches_covered": 100.0, "percent_branches_covered_display": "100"}, "missing_lines": [], "excluded_lines": [], "executed_branches": [], "missing_branches": [], "functions": {"": {"executed_lines": [3, 4, 6], "summary": {"covered_lines": 3, "num_statements": 3, "percent_covered": 100.0, "percent_covered_display": "100", "missing_lines": 0, "excluded_lines": 0, "percent_statements_covered": 100.0, "percent_statements_covered_display": "100", "num_branches": 0, "num_partial_branches": 0, "covered_branches": 0, "missing_branches": 0, "percent_branches_covered": 100.0, "percent_branches_covered_display": "100"}, "missing_lines": [], "excluded_lines": [], "start_line": 1, "executed_branches": [], "missing_branches": []}}, "classes": {"": {"executed_lines": [3, 4, 6], "summary": {"covered_lines": 3, "num_statements": 3, "percent_covered": 100.0, "percent_covered_display": "100", "missing_lines": 0, "excluded_lines": 0, "percent_statements_covered": 100.0, "percent_statements_covered_display": "100", "num_branches": 0, "num_partial_branches": 0, "covered_branches": 0, "missing_branches": 0, "percent_branches_covered": 100.0, "percent_branches_covered_display": "100"}, "missing_lines": [], "excluded_lines": [], "start_line": 1, "executed_branches": [], "missing_branches": []}}}, "src/forgeharness/coding/agent.py": {"executed_lines": [3, 5, 7, 8, 9, 10, 11, 12, 13, 14, 15, 16, 17, 18, 19, 20, 23, 26, 39, 40, 41, 42, 46, 47, 48, 59, 61, 62, 63, 64, 69, 79, 86, 100, 107, 109, 111, 117, 121], "summary": {"covered_lines": 39, "num_statements": 40, "percent_covered": 95.65217391304348, "percent_covered_display": "96", "missing_lines": 1, "excluded_lines": 0, "percent_statements_covered": 97.5, "percent_statements_covered_display": "98", "num_branches": 6, "num_partial_branches": 1, "covered_branches": 5, "missing_branches": 1, "percent_branches_covered": 83.33333333333333, "percent_branches_covered_display": "83"}, "missing_lines": [110], "excluded_lines": [], "executed_branches": [[40, 41], [40, 42], [61, 62], [61, 63], [109, 111]], "missing_branches": [[109, 110]], "functions": {"CodingAgent.__init__": {"executed_lines": [39, 40, 41, 42, 46, 47, 48], "summary": {"covered_lines": 7, "num_statements": 7, "percent_covered": 100.0, "percent_covered_display": "100", "missing_lines": 0, "excluded_lines": 0, "percent_statements_covered": 100.0, "percent_statements_covered_display": "100", "num_branches": 2, "num_partial_branches": 0, "covered_branches": 2, "missing_branches": 0, "percent_branches_covered": 100.0, "percent_branches_covered_display": "100"}, "missing_lines": [], "excluded_lines": [], "start_line": 26, "executed_branches": [[40, 41], [40, 42]], "missing_branches": []}, "CodingAgent.start": {"executed_lines": [61, 62, 63, 64, 69, 79, 86, 100], "summary": {"covered_lines": 8, "num_statements": 8, "percent_covered": 100.0, "percent_covered_display": "100", "missing_lines": 0, "excluded_lines": 0, "percent_statements_covered": 100.0, "percent_statements_covered_display": "100", "num_branches": 2, "num_partial_branches": 0, "covered_branches": 2, "missing_branches": 0, "percent_branches_covered": 100.0, "percent_branches_covered_display": "100"}, "missing_lines": [], "excluded_lines": [], "start_line": 59, "executed_branches": [[61, 62], [61, 63]], "missing_branches": []}, "CodingAgent.approve": {"executed_lines": [109, 111], "summary": {"covered_lines": 2, "num_statements": 3, "percent_covered": 60.0, "percent_covered_display": "60", "missing_lines": 1, "excluded_lines": 0, "percent_statements_covered": 66.66666666666667, "percent_statements_covered_display": "67", "num_branches": 2, "num_partial_branches": 1, "covered_branches": 1, "missing_branches": 1, "percent_branches_covered": 50.0, "percent_branches_covered_display": "50"}, "missing_lines": [110], "excluded_lines": [], "start_line": 107, "executed_branches": [[109, 111]], "missing_branches": [[109, 110]]}, "CodingAgent.resume": {"executed_lines": [121], "summary": {"covered_lines": 1, "num_statements": 1, "percent_covered": 100.0, "percent_covered_display": "100", "missing_lines": 0, "excluded_lines": 0, "percent_statements_covered": 100.0, "percent_statements_covered_display": "100", "num_branches": 0, "num_partial_branches": 0, "covered_branches": 0, "missing_branches": 0, "percent_branches_covered": 100.0, "percent_branches_covered_display": "100"}, "missing_lines": [], "excluded_lines": [], "start_line": 117, "executed_branches": [], "missing_branches": []}, "": {"executed_lines": [3, 5, 7, 8, 9, 10, 11, 12, 13, 14, 15, 16, 17, 18, 19, 20, 23, 26, 59, 107, 117], "summary": {"covered_lines": 21, "num_statements": 21, "percent_covered": 100.0, "percent_covered_display": "100", "missing_lines": 0, "excluded_lines": 0, "percent_statements_covered": 100.0, "percent_statements_covered_display": "100", "num_branches": 0, "num_partial_branches": 0, "covered_branches": 0, "missing_branches": 0, "percent_branches_covered": 100.0, "percent_branches_covered_display": "100"}, "missing_lines": [], "excluded_lines": [], "start_line": 1, "executed_branches": [], "missing_branches": []}}, "classes": {"CodingAgent": {"executed_lines": [39, 40, 41, 42, 46, 47, 48, 61, 62, 63, 64, 69, 79, 86, 100, 109, 111, 121], "summary": {"covered_lines": 18, "num_statements": 19, "percent_covered": 92.0, "percent_covered_display": "92", "missing_lines": 1, "excluded_lines": 0, "percent_statements_covered": 94.73684210526316, "percent_statements_covered_display": "95", "num_branches": 6, "num_partial_branches": 1, "covered_branches": 5, "missing_branches": 1, "percent_branches_covered": 83.33333333333333, "percent_branches_covered_display": "83"}, "missing_lines": [110], "excluded_lines": [], "start_line": 23, "executed_branches": [[40, 41], [40, 42], [61, 62], [61, 63], [109, 111]], "missing_branches": [[109, 110]]}, "": {"executed_lines": [3, 5, 7, 8, 9, 10, 11, 12, 13, 14, 15, 16, 17, 18, 19, 20, 23, 26, 59, 107, 117], "summary": {"covered_lines": 21, "num_statements": 21, "percent_covered": 100.0, "percent_covered_display": "100", "missing_lines": 0, "excluded_lines": 0, "percent_statements_covered": 100.0, "percent_statements_covered_display": "100", "num_branches": 0, "num_partial_branches": 0, "covered_branches": 0, "missing_branches": 0, "percent_branches_covered": 100.0, "percent_branches_covered_display": "100"}, "missing_lines": [], "excluded_lines": [], "start_line": 1, "executed_branches": [], "missing_branches": []}}}, "src/forgeharness/coding/api.py": {"executed_lines": [3, 5, 6, 7, 8, 10, 12, 13, 14, 15, 16, 20, 21, 22, 25, 26, 27, 28, 29, 32, 35, 45, 46, 47, 48, 49, 50, 51, 52, 53, 55, 56, 57, 58, 60, 61, 62, 63, 74, 75, 82, 83, 84, 85, 86, 87, 88, 90, 91, 93, 96, 97, 98, 99, 100, 101, 102, 103, 104, 105, 106, 107, 110, 111, 116, 117, 118, 119, 121, 122, 123, 124, 127, 128, 129, 133, 134, 135, 136, 138, 139], "summary": {"covered_lines": 81, "num_statements": 81, "percent_covered": 100.0, "percent_covered_display": "100", "missing_lines": 0, "excluded_lines": 0, "percent_statements_covered": 100.0, "percent_statements_covered_display": "100", "num_branches": 22, "num_partial_branches": 0, "covered_branches": 22, "missing_branches": 0, "percent_branches_covered": 100.0, "percent_branches_covered_display": "100"}, "missing_lines": [], "excluded_lines": [], "executed_branches": [[57, 58], [57, 61], [87, 88], [87, 90], [99, 100], [99, 101], [101, 102], [101, 103], [103, 104], [103, 105], [106, 107], [106, 110], [116, 117], [116, 119], [122, 123], [122, 124], [128, 129], [128, 133], [133, 134], [133, 135], [135, 136], [135, 138]], "missing_branches": [], "functions": {"APICodingHandler.__init__": {"executed_lines": [45, 46, 47, 48, 49, 50, 51, 52, 53], "summary": {"covered_lines": 9, "num_statements": 9, "percent_covered": 100.0, "percent_covered_display": "100", "missing_lines": 0, "excluded_lines": 0, "percent_statements_covered": 100.0, "percent_statements_covered_display": "100", "num_branches": 0, "num_partial_branches": 0, "covered_branches": 0, "missing_branches": 0, "percent_branches_covered": 100.0, "percent_branches_covered_display": "100"}, "missing_lines": [], "excluded_lines": [], "start_line": 35, "executed_branches": [], "missing_branches": []}, "APICodingHandler.handle": {"executed_lines": [56, 57, 58, 60, 61, 62, 63, 74, 75, 82, 83, 84, 85, 86, 87, 88, 90, 91], "summary": {"covered_lines": 18, "num_statements": 18, "percent_covered": 100.0, "percent_covered_display": "100", "missing_lines": 0, "excluded_lines": 0, "percent_statements_covered": 100.0, "percent_statements_covered_display": "100", "num_branches": 4, "num_partial_branches": 0, "covered_branches": 4, "missing_branches": 0, "percent_branches_covered": 100.0, "percent_branches_covered_display": "100"}, "missing_lines": [], "excluded_lines": [], "start_line": 55, "executed_branches": [[57, 58], [57, 61], [87, 88], [87, 90]], "missing_branches": []}, "APICodingHandler.approve": {"executed_lines": [96, 97, 98, 99, 100, 101, 102, 103, 104, 105, 106, 107, 110, 111, 116, 117, 118, 119], "summary": {"covered_lines": 18, "num_statements": 18, "percent_covered": 100.0, "percent_covered_display": "100", "missing_lines": 0, "excluded_lines": 0, "percent_statements_covered": 100.0, "percent_statements_covered_display": "100", "num_branches": 10, "num_partial_branches": 0, "covered_branches": 10, "missing_branches": 0, "percent_branches_covered": 100.0, "percent_branches_covered_display": "100"}, "missing_lines": [], "excluded_lines": [], "start_line": 93, "executed_branches": [[99, 100], [99, 101], [101, 102], [101, 103], [103, 104], [103, 105], [106, 107], [106, 110], [116, 117], [116, 119]], "missing_branches": []}, "APICodingHandler.close": {"executed_lines": [122, 123, 124], "summary": {"covered_lines": 3, "num_statements": 3, "percent_covered": 100.0, "percent_covered_display": "100", "missing_lines": 0, "excluded_lines": 0, "percent_statements_covered": 100.0, "percent_statements_covered_display": "100", "num_branches": 2, "num_partial_branches": 0, "covered_branches": 2, "missing_branches": 0, "percent_branches_covered": 100.0, "percent_branches_covered_display": "100"}, "missing_lines": [], "excluded_lines": [], "start_line": 121, "executed_branches": [[122, 123], [122, 124]], "missing_branches": []}, "_agent_response": {"executed_lines": [128, 129, 133, 134, 135, 136, 138, 139], "summary": {"covered_lines": 8, "num_statements": 8, "percent_covered": 100.0, "percent_covered_display": "100", "missing_lines": 0, "excluded_lines": 0, "percent_statements_covered": 100.0, "percent_statements_covered_display": "100", "num_branches": 6, "num_partial_branches": 0, "covered_branches": 6, "missing_branches": 0, "percent_branches_covered": 100.0, "percent_branches_covered_display": "100"}, "missing_lines": [], "excluded_lines": [], "start_line": 127, "executed_branches": [[128, 129], [128, 133], [133, 134], [133, 135], [135, 136], [135, 138]], "missing_branches": []}, "": {"executed_lines": [3, 5, 6, 7, 8, 10, 12, 13, 14, 15, 16, 20, 21, 22, 25, 26, 27, 28, 29, 32, 35, 55, 93, 121, 127], "summary": {"covered_lines": 25, "num_statements": 25, "percent_covered": 100.0, "percent_covered_display": "100", "missing_lines": 0, "excluded_lines": 0, "percent_statements_covered": 100.0, "percent_statements_covered_display": "100", "num_branches": 0, "num_partial_branches": 0, "covered_branches": 0, "missing_branches": 0, "percent_branches_covered": 100.0, "percent_branches_covered_display": "100"}, "missing_lines": [], "excluded_lines": [], "start_line": 1, "executed_branches": [], "missing_branches": []}}, "classes": {"_ActiveRun": {"executed_lines": [], "summary": {"covered_lines": 0, "num_statements": 0, "percent_covered": 100.0, "percent_covered_display": "100", "missing_lines": 0, "excluded_lines": 0, "percent_statements_covered": 100.0, "percent_statements_covered_display": "100", "num_branches": 0, "num_partial_branches": 0, "covered_branches": 0, "missing_branches": 0, "percent_branches_covered": 100.0, "percent_branches_covered_display": "100"}, "missing_lines": [], "excluded_lines": [], "start_line": 26, "executed_branches": [], "missing_branches": []}, "APICodingHandler": {"executed_lines": [45, 46, 47, 48, 49, 50, 51, 52, 53, 56, 57, 58, 60, 61, 62, 63, 74, 75, 82, 83, 84, 85, 86, 87, 88, 90, 91, 96, 97, 98, 99, 100, 101, 102, 103, 104, 105, 106, 107, 110, 111, 116, 117, 118, 119, 122, 123, 124], "summary": {"covered_lines": 48, "num_statements": 48, "percent_covered": 100.0, "percent_covered_display": "100", "missing_lines": 0, "excluded_lines": 0, "percent_statements_covered": 100.0, "percent_statements_covered_display": "100", "num_branches": 16, "num_partial_branches": 0, "covered_branches": 16, "missing_branches": 0, "percent_branches_covered": 100.0, "percent_branches_covered_display": "100"}, "missing_lines": [], "excluded_lines": [], "start_line": 32, "executed_branches": [[57, 58], [57, 61], [87, 88], [87, 90], [99, 100], [99, 101], [101, 102], [101, 103], [103, 104], [103, 105], [106, 107], [106, 110], [116, 117], [116, 119], [122, 123], [122, 124]], "missing_branches": []}, "": {"executed_lines": [3, 5, 6, 7, 8, 10, 12, 13, 14, 15, 16, 20, 21, 22, 25, 26, 27, 28, 29, 32, 35, 55, 93, 121, 127, 128, 129, 133, 134, 135, 136, 138, 139], "summary": {"covered_lines": 33, "num_statements": 33, "percent_covered": 100.0, "percent_covered_display": "100", "missing_lines": 0, "excluded_lines": 0, "percent_statements_covered": 100.0, "percent_statements_covered_display": "100", "num_branches": 6, "num_partial_branches": 0, "covered_branches": 6, "missing_branches": 0, "percent_branches_covered": 100.0, "percent_branches_covered_display": "100"}, "missing_lines": [], "excluded_lines": [], "start_line": 1, "executed_branches": [[128, 129], [128, 133], [133, 134], [133, 135], [135, 136], [135, 138]], "missing_branches": []}}}, "src/forgeharness/coding/policy.py": {"executed_lines": [3, 5, 6, 7, 10, 13, 15, 16, 17, 18, 19, 23, 24, 28], "summary": {"covered_lines": 14, "num_statements": 14, "percent_covered": 100.0, "percent_covered_display": "100", "missing_lines": 0, "excluded_lines": 0, "percent_statements_covered": 100.0, "percent_statements_covered_display": "100", "num_branches": 6, "num_partial_branches": 0, "covered_branches": 6, "missing_branches": 0, "percent_branches_covered": 100.0, "percent_branches_covered_display": "100"}, "missing_lines": [], "excluded_lines": [], "executed_branches": [[16, 17], [16, 18], [18, 19], [18, 23], [23, 24], [23, 28]], "missing_branches": [], "functions": {"CodingToolPolicy.evaluate": {"executed_lines": [15, 16, 17, 18, 19, 23, 24, 28], "summary": {"covered_lines": 8, "num_statements": 8, "percent_covered": 100.0, "percent_covered_display": "100", "missing_lines": 0, "excluded_lines": 0, "percent_statements_covered": 100.0, "percent_statements_covered_display": "100", "num_branches": 6, "num_partial_branches": 0, "covered_branches": 6, "missing_branches": 0, "percent_branches_covered": 100.0, "percent_branches_covered_display": "100"}, "missing_lines": [], "excluded_lines": [], "start_line": 13, "executed_branches": [[16, 17], [16, 18], [18, 19], [18, 23], [23, 24], [23, 28]], "missing_branches": []}, "": {"executed_lines": [3, 5, 6, 7, 10, 13], "summary": {"covered_lines": 6, "num_statements": 6, "percent_covered": 100.0, "percent_covered_display": "100", "missing_lines": 0, "excluded_lines": 0, "percent_statements_covered": 100.0, "percent_statements_covered_display": "100", "num_branches": 0, "num_partial_branches": 0, "covered_branches": 0, "missing_branches": 0, "percent_branches_covered": 100.0, "percent_branches_covered_display": "100"}, "missing_lines": [], "excluded_lines": [], "start_line": 1, "executed_branches": [], "missing_branches": []}}, "classes": {"CodingToolPolicy": {"executed_lines": [15, 16, 17, 18, 19, 23, 24, 28], "summary": {"covered_lines": 8, "num_statements": 8, "percent_covered": 100.0, "percent_covered_display": "100", "missing_lines": 0, "excluded_lines": 0, "percent_statements_covered": 100.0, "percent_statements_covered_display": "100", "num_branches": 6, "num_partial_branches": 0, "covered_branches": 6, "missing_branches": 0, "percent_branches_covered": 100.0, "percent_branches_covered_display": "100"}, "missing_lines": [], "excluded_lines": [], "start_line": 10, "executed_branches": [[16, 17], [16, 18], [18, 19], [18, 23], [23, 24], [23, 28]], "missing_branches": []}, "": {"executed_lines": [3, 5, 6, 7, 10, 13], "summary": {"covered_lines": 6, "num_statements": 6, "percent_covered": 100.0, "percent_covered_display": "100", "missing_lines": 0, "excluded_lines": 0, "percent_statements_covered": 100.0, "percent_statements_covered_display": "100", "num_branches": 0, "num_partial_branches": 0, "covered_branches": 0, "missing_branches": 0, "percent_branches_covered": 100.0, "percent_branches_covered_display": "100"}, "missing_lines": [], "excluded_lines": [], "start_line": 1, "executed_branches": [], "missing_branches": []}}}, "src/forgeharness/coding/tools.py": {"executed_lines": [3, 5, 6, 7, 8, 9, 10, 12, 14, 15, 16, 19, 22, 25, 28, 29, 32, 35, 36, 43, 45, 46, 47, 48, 50, 55, 56, 57, 60, 63, 64, 65, 68, 71, 72, 79, 81, 82, 83, 84, 85, 87, 88, 91, 92, 93, 94, 95, 98, 99, 100, 107, 110, 111, 112, 115, 118, 119, 126, 128, 129, 130, 131, 148, 149, 150, 152, 154, 161, 164, 165, 166, 169, 172, 173, 183, 185, 186, 187, 189, 190, 192, 193, 194, 195, 196, 197, 199, 200, 201, 202, 203, 204, 205, 212, 216, 219, 221, 222, 224, 225, 232, 234, 235, 236, 237, 239, 246, 249, 252, 255, 256, 263, 265, 266, 271, 272, 274, 281, 283, 293, 295, 296, 297, 298, 299, 300, 301, 302, 304], "summary": {"covered_lines": 130, "num_statements": 141, "percent_covered": 88.30409356725146, "percent_covered_display": "88", "missing_lines": 11, "excluded_lines": 0, "percent_statements_covered": 92.19858156028369, "percent_statements_covered_display": "92", "num_branches": 30, "num_partial_branches": 9, "covered_branches": 21, "missing_branches": 9, "percent_branches_covered": 70.0, "percent_branches_covered_display": "70"}, "missing_lines": [49, 86, 89, 90, 151, 153, 188, 191, 223, 238, 273], "excluded_lines": [], "executed_branches": [[48, 50], [83, 84], [83, 85], [85, 87], [93, 94], [93, 95], [150, 152], [152, 154], [187, 189], [189, 190], [189, 199], [190, 192], [193, 194], [193, 195], [195, 196], [195, 197], [199, 200], [199, 201], [222, 224], [237, 239], [272, 274]], "missing_branches": [[48, 49], [85, 86], [150, 151], [152, 153], [187, 188], [190, 191], [222, 223], [237, 238], [272, 273]], "functions": {"ListFilesTool.execute": {"executed_lines": [45, 46, 47, 48, 50, 55, 56, 57], "summary": {"covered_lines": 8, "num_statements": 9, "percent_covered": 81.81818181818181, "percent_covered_display": "82", "missing_lines": 1, "excluded_lines": 0, "percent_statements_covered": 88.88888888888889, "percent_statements_covered_display": "89", "num_branches": 2, "num_partial_branches": 1, "covered_branches": 1, "missing_branches": 1, "percent_branches_covered": 50.0, "percent_branches_covered_display": "50"}, "missing_lines": [49], "excluded_lines": [], "start_line": 43, "executed_branches": [[48, 50]], "missing_branches": [[48, 49]]}, "ReadFileTool.execute": {"executed_lines": [81, 82, 83, 84, 85, 87, 88, 91, 92, 93, 94, 95, 98, 99, 100], "summary": {"covered_lines": 15, "num_statements": 18, "percent_covered": 83.33333333333333, "percent_covered_display": "83", "missing_lines": 3, "excluded_lines": 0, "percent_statements_covered": 83.33333333333333, "percent_statements_covered_display": "83", "num_branches": 6, "num_partial_branches": 1, "covered_branches": 5, "missing_branches": 1, "percent_branches_covered": 83.33333333333333, "percent_branches_covered_display": "83"}, "missing_lines": [86, 89, 90], "excluded_lines": [], "start_line": 79, "executed_branches": [[83, 84], [83, 85], [85, 87], [93, 94], [93, 95]], "missing_branches": [[85, 86]]}, "SearchCodeTool.execute": {"executed_lines": [128, 129, 130, 131, 148, 149, 150, 152, 154], "summary": {"covered_lines": 9, "num_statements": 11, "percent_covered": 73.33333333333333, "percent_covered_display": "73", "missing_lines": 2, "excluded_lines": 0, "percent_statements_covered": 81.81818181818181, "percent_statements_covered_display": "82", "num_branches": 4, "num_partial_branches": 2, "covered_branches": 2, "missing_branches": 2, "percent_branches_covered": 50.0, "percent_branches_covered_display": "50"}, "missing_lines": [151, 153], "excluded_lines": [], "start_line": 126, "executed_branches": [[150, 152], [152, 154]], "missing_branches": [[150, 151], [152, 153]]}, "WriteFileTool.execute": {"executed_lines": [185, 186, 187, 189, 190, 192, 193, 194, 195, 196, 197, 199, 200, 201, 202, 203, 204, 205], "summary": {"covered_lines": 18, "num_statements": 20, "percent_covered": 87.5, "percent_covered_display": "88", "missing_lines": 2, "excluded_lines": 0, "percent_statements_covered": 90.0, "percent_statements_covered_display": "90", "num_branches": 12, "num_partial_branches": 2, "covered_branches": 10, "missing_branches": 2, "percent_branches_covered": 83.33333333333333, "percent_branches_covered_display": "83"}, "missing_lines": [188, 191], "excluded_lines": [], "start_line": 183, "executed_branches": [[187, 189], [189, 190], [189, 199], [190, 192], [193, 194], [193, 195], [195, 196], [195, 197], [199, 200], [199, 201]], "missing_branches": [[187, 188], [190, 191]]}, "RunTestsTool.__init__": {"executed_lines": [222, 224, 225], "summary": {"covered_lines": 3, "num_statements": 4, "percent_covered": 66.66666666666667, "percent_covered_display": "67", "missing_lines": 1, "excluded_lines": 0, "percent_statements_covered": 75.0, "percent_statements_covered_display": "75", "num_branches": 2, "num_partial_branches": 1, "covered_branches": 1, "missing_branches": 1, "percent_branches_covered": 50.0, "percent_branches_covered_display": "50"}, "missing_lines": [223], "excluded_lines": [], "start_line": 221, "executed_branches": [[222, 224]], "missing_branches": [[222, 223]]}, "RunTestsTool.execute": {"executed_lines": [234, 235, 236, 237, 239], "summary": {"covered_lines": 5, "num_statements": 6, "percent_covered": 75.0, "percent_covered_display": "75", "missing_lines": 1, "excluded_lines": 0, "percent_statements_covered": 83.33333333333333, "percent_statements_covered_display": "83", "num_branches": 2, "num_partial_branches": 1, "covered_branches": 1, "missing_branches": 1, "percent_branches_covered": 50.0, "percent_branches_covered_display": "50"}, "missing_lines": [238], "excluded_lines": [], "start_line": 232, "executed_branches": [[237, 239]], "missing_branches": [[237, 238]]}, "GitDiffTool.execute": {"executed_lines": [265, 266, 271, 272, 274], "summary": {"covered_lines": 5, "num_statements": 6, "percent_covered": 75.0, "percent_covered_display": "75", "missing_lines": 1, "excluded_lines": 0, "percent_statements_covered": 83.33333333333333, "percent_statements_covered_display": "83", "num_branches": 2, "num_partial_branches": 1, "covered_branches": 1, "missing_branches": 1, "percent_branches_covered": 50.0, "percent_branches_covered_display": "50"}, "missing_lines": [273], "excluded_lines": [], "start_line": 263, "executed_branches": [[272, 274]], "missing_branches": [[272, 273]]}, "coding_tools": {"executed_lines": [283], "summary": {"covered_lines": 1, "num_statements": 1, "percent_covered": 100.0, "percent_covered_display": "100", "missing_lines": 0, "excluded_lines": 0, "percent_statements_covered": 100.0, "percent_statements_covered_display": "100", "num_branches": 0, "num_partial_branches": 0, "covered_branches": 0, "missing_branches": 0, "percent_branches_covered": 100.0, "percent_branches_covered_display": "100"}, "missing_lines": [], "excluded_lines": [], "start_line": 281, "executed_branches": [], "missing_branches": []}, "_atomic_write": {"executed_lines": [295, 296, 297, 298, 299, 300, 301, 302, 304], "summary": {"covered_lines": 9, "num_statements": 9, "percent_covered": 100.0, "percent_covered_display": "100", "missing_lines": 0, "excluded_lines": 0, "percent_statements_covered": 100.0, "percent_statements_covered_display": "100", "num_branches": 0, "num_partial_branches": 0, "covered_branches": 0, "missing_branches": 0, "percent_branches_covered": 100.0, "percent_branches_covered_display": "100"}, "missing_lines": [], "excluded_lines": [], "start_line": 293, "executed_branches": [], "missing_branches": []}, "": {"executed_lines": [3, 5, 6, 7, 8, 9, 10, 12, 14, 15, 16, 19, 22, 25, 28, 29, 32, 35, 36, 43, 60, 63, 64, 65, 68, 71, 72, 79, 107, 110, 111, 112, 115, 118, 119, 126, 161, 164, 165, 166, 169, 172, 173, 183, 212, 216, 219, 221, 232, 246, 249, 252, 255, 256, 263, 281, 293], "summary": {"covered_lines": 57, "num_statements": 57, "percent_covered": 100.0, "percent_covered_display": "100", "missing_lines": 0, "excluded_lines": 0, "percent_statements_covered": 100.0, "percent_statements_covered_display": "100", "num_branches": 0, "num_partial_branches": 0, "covered_branches": 0, "missing_branches": 0, "percent_branches_covered": 100.0, "percent_branches_covered_display": "100"}, "missing_lines": [], "excluded_lines": [], "start_line": 1, "executed_branches": [], "missing_branches": []}}, "classes": {"StrictInput": {"executed_lines": [], "summary": {"covered_lines": 0, "num_statements": 0, "percent_covered": 100.0, "percent_covered_display": "100", "missing_lines": 0, "excluded_lines": 0, "percent_statements_covered": 100.0, "percent_statements_covered_display": "100", "num_branches": 0, "num_partial_branches": 0, "covered_branches": 0, "missing_branches": 0, "percent_branches_covered": 100.0, "percent_branches_covered_display": "100"}, "missing_lines": [], "excluded_lines": [], "start_line": 19, "executed_branches": [], "missing_branches": []}, "ListFilesInput": {"executed_lines": [], "summary": {"covered_lines": 0, "num_statements": 0, "percent_covered": 100.0, "percent_covered_display": "100", "missing_lines": 0, "excluded_lines": 0, "percent_statements_covered": 100.0, "percent_statements_covered_display": "100", "num_branches": 0, "num_partial_branches": 0, "covered_branches": 0, "missing_branches": 0, "percent_branches_covered": 100.0, "percent_branches_covered_display": "100"}, "missing_lines": [], "excluded_lines": [], "start_line": 25, "executed_branches": [], "missing_branches": []}, "ListFilesTool": {"executed_lines": [45, 46, 47, 48, 50, 55, 56, 57], "summary": {"covered_lines": 8, "num_statements": 9, "percent_covered": 81.81818181818181, "percent_covered_display": "82", "missing_lines": 1, "excluded_lines": 0, "percent_statements_covered": 88.88888888888889, "percent_statements_covered_display": "89", "num_branches": 2, "num_partial_branches": 1, "covered_branches": 1, "missing_branches": 1, "percent_branches_covered": 50.0, "percent_branches_covered_display": "50"}, "missing_lines": [49], "excluded_lines": [], "start_line": 32, "executed_branches": [[48, 50]], "missing_branches": [[48, 49]]}, "ReadFileInput": {"executed_lines": [], "summary": {"covered_lines": 0, "num_statements": 0, "percent_covered": 100.0, "percent_covered_display": "100", "missing_lines": 0, "excluded_lines": 0, "percent_statements_covered": 100.0, "percent_statements_covered_display": "100", "num_branches": 0, "num_partial_branches": 0, "covered_branches": 0, "missing_branches": 0, "percent_branches_covered": 100.0, "percent_branches_covered_display": "100"}, "missing_lines": [], "excluded_lines": [], "start_line": 60, "executed_branches": [], "missing_branches": []}, "ReadFileTool": {"executed_lines": [81, 82, 83, 84, 85, 87, 88, 91, 92, 93, 94, 95, 98, 99, 100], "summary": {"covered_lines": 15, "num_statements": 18, "percent_covered": 83.33333333333333, "percent_covered_display": "83", "missing_lines": 3, "excluded_lines": 0, "percent_statements_covered": 83.33333333333333, "percent_statements_covered_display": "83", "num_branches": 6, "num_partial_branches": 1, "covered_branches": 5, "missing_branches": 1, "percent_branches_covered": 83.33333333333333, "percent_branches_covered_display": "83"}, "missing_lines": [86, 89, 90], "excluded_lines": [], "start_line": 68, "executed_branches": [[83, 84], [83, 85], [85, 87], [93, 94], [93, 95]], "missing_branches": [[85, 86]]}, "SearchCodeInput": {"executed_lines": [], "summary": {"covered_lines": 0, "num_statements": 0, "percent_covered": 100.0, "percent_covered_display": "100", "missing_lines": 0, "excluded_lines": 0, "percent_statements_covered": 100.0, "percent_statements_covered_display": "100", "num_branches": 0, "num_partial_branches": 0, "covered_branches": 0, "missing_branches": 0, "percent_branches_covered": 100.0, "percent_branches_covered_display": "100"}, "missing_lines": [], "excluded_lines": [], "start_line": 107, "executed_branches": [], "missing_branches": []}, "SearchCodeTool": {"executed_lines": [128, 129, 130, 131, 148, 149, 150, 152, 154], "summary": {"covered_lines": 9, "num_statements": 11, "percent_covered": 73.33333333333333, "percent_covered_display": "73", "missing_lines": 2, "excluded_lines": 0, "percent_statements_covered": 81.81818181818181, "percent_statements_covered_display": "82", "num_branches": 4, "num_partial_branches": 2, "covered_branches": 2, "missing_branches": 2, "percent_branches_covered": 50.0, "percent_branches_covered_display": "50"}, "missing_lines": [151, 153], "excluded_lines": [], "start_line": 115, "executed_branches": [[150, 152], [152, 154]], "missing_branches": [[150, 151], [152, 153]]}, "WriteFileInput": {"executed_lines": [], "summary": {"covered_lines": 0, "num_statements": 0, "percent_covered": 100.0, "percent_covered_display": "100", "missing_lines": 0, "excluded_lines": 0, "percent_statements_covered": 100.0, "percent_statements_covered_display": "100", "num_branches": 0, "num_partial_branches": 0, "covered_branches": 0, "missing_branches": 0, "percent_branches_covered": 100.0, "percent_branches_covered_display": "100"}, "missing_lines": [], "excluded_lines": [], "start_line": 161, "executed_branches": [], "missing_branches": []}, "WriteFileTool": {"executed_lines": [185, 186, 187, 189, 190, 192, 193, 194, 195, 196, 197, 199, 200, 201, 202, 203, 204, 205], "summary": {"covered_lines": 18, "num_statements": 20, "percent_covered": 87.5, "percent_covered_display": "88", "missing_lines": 2, "excluded_lines": 0, "percent_statements_covered": 90.0, "percent_statements_covered_display": "90", "num_branches": 12, "num_partial_branches": 2, "covered_branches": 10, "missing_branches": 2, "percent_branches_covered": 83.33333333333333, "percent_branches_covered_display": "83"}, "missing_lines": [188, 191], "excluded_lines": [], "start_line": 169, "executed_branches": [[187, 189], [189, 190], [189, 199], [190, 192], [193, 194], [193, 195], [195, 196], [195, 197], [199, 200], [199, 201]], "missing_branches": [[187, 188], [190, 191]]}, "RunTestsInput": {"executed_lines": [], "summary": {"covered_lines": 0, "num_statements": 0, "percent_covered": 100.0, "percent_covered_display": "100", "missing_lines": 0, "excluded_lines": 0, "percent_statements_covered": 100.0, "percent_statements_covered_display": "100", "num_branches": 0, "num_partial_branches": 0, "covered_branches": 0, "missing_branches": 0, "percent_branches_covered": 100.0, "percent_branches_covered_display": "100"}, "missing_lines": [], "excluded_lines": [], "start_line": 212, "executed_branches": [], "missing_branches": []}, "RunTestsTool": {"executed_lines": [222, 224, 225, 234, 235, 236, 237, 239], "summary": {"covered_lines": 8, "num_statements": 10, "percent_covered": 71.42857142857143, "percent_covered_display": "71", "missing_lines": 2, "excluded_lines": 0, "percent_statements_covered": 80.0, "percent_statements_covered_display": "80", "num_branches": 4, "num_partial_branches": 2, "covered_branches": 2, "missing_branches": 2, "percent_branches_covered": 50.0, "percent_branches_covered_display": "50"}, "missing_lines": [223, 238], "excluded_lines": [], "start_line": 216, "executed_branches": [[222, 224], [237, 239]], "missing_branches": [[222, 223], [237, 238]]}, "GitDiffInput": {"executed_lines": [], "summary": {"covered_lines": 0, "num_statements": 0, "percent_covered": 100.0, "percent_covered_display": "100", "missing_lines": 0, "excluded_lines": 0, "percent_statements_covered": 100.0, "percent_statements_covered_display": "100", "num_branches": 0, "num_partial_branches": 0, "covered_branches": 0, "missing_branches": 0, "percent_branches_covered": 100.0, "percent_branches_covered_display": "100"}, "missing_lines": [], "excluded_lines": [], "start_line": 246, "executed_branches": [], "missing_branches": []}, "GitDiffTool": {"executed_lines": [265, 266, 271, 272, 274], "summary": {"covered_lines": 5, "num_statements": 6, "percent_covered": 75.0, "percent_covered_display": "75", "missing_lines": 1, "excluded_lines": 0, "percent_statements_covered": 83.33333333333333, "percent_statements_covered_display": "83", "num_branches": 2, "num_partial_branches": 1, "covered_branches": 1, "missing_branches": 1, "percent_branches_covered": 50.0, "percent_branches_covered_display": "50"}, "missing_lines": [273], "excluded_lines": [], "start_line": 252, "executed_branches": [[272, 274]], "missing_branches": [[272, 273]]}, "": {"executed_lines": [3, 5, 6, 7, 8, 9, 10, 12, 14, 15, 16, 19, 22, 25, 28, 29, 32, 35, 36, 43, 60, 63, 64, 65, 68, 71, 72, 79, 107, 110, 111, 112, 115, 118, 119, 126, 161, 164, 165, 166, 169, 172, 173, 183, 212, 216, 219, 221, 232, 246, 249, 252, 255, 256, 263, 281, 283, 293, 295, 296, 297, 298, 299, 300, 301, 302, 304], "summary": {"covered_lines": 67, "num_statements": 67, "percent_covered": 100.0, "percent_covered_display": "100", "missing_lines": 0, "excluded_lines": 0, "percent_statements_covered": 100.0, "percent_statements_covered_display": "100", "num_branches": 0, "num_partial_branches": 0, "covered_branches": 0, "missing_branches": 0, "percent_branches_covered": 100.0, "percent_branches_covered_display": "100"}, "missing_lines": [], "excluded_lines": [], "start_line": 1, "executed_branches": [], "missing_branches": []}}}, "src/forgeharness/context/__init__.py": {"executed_lines": [3, 4, 5, 7], "summary": {"covered_lines": 4, "num_statements": 4, "percent_covered": 100.0, "percent_covered_display": "100", "missing_lines": 0, "excluded_lines": 0, "percent_statements_covered": 100.0, "percent_statements_covered_display": "100", "num_branches": 0, "num_partial_branches": 0, "covered_branches": 0, "missing_branches": 0, "percent_branches_covered": 100.0, "percent_branches_covered_display": "100"}, "missing_lines": [], "excluded_lines": [], "executed_branches": [], "missing_branches": [], "functions": {"": {"executed_lines": [3, 4, 5, 7], "summary": {"covered_lines": 4, "num_statements": 4, "percent_covered": 100.0, "percent_covered_display": "100", "missing_lines": 0, "excluded_lines": 0, "percent_statements_covered": 100.0, "percent_statements_covered_display": "100", "num_branches": 0, "num_partial_branches": 0, "covered_branches": 0, "missing_branches": 0, "percent_branches_covered": 100.0, "percent_branches_covered_display": "100"}, "missing_lines": [], "excluded_lines": [], "start_line": 1, "executed_branches": [], "missing_branches": []}}, "classes": {"": {"executed_lines": [3, 4, 5, 7], "summary": {"covered_lines": 4, "num_statements": 4, "percent_covered": 100.0, "percent_covered_display": "100", "missing_lines": 0, "excluded_lines": 0, "percent_statements_covered": 100.0, "percent_statements_covered_display": "100", "num_branches": 0, "num_partial_branches": 0, "covered_branches": 0, "missing_branches": 0, "percent_branches_covered": 100.0, "percent_branches_covered_display": "100"}, "missing_lines": [], "excluded_lines": [], "start_line": 1, "executed_branches": [], "missing_branches": []}}}, "src/forgeharness/context/assembly.py": {"executed_lines": [9, 11, 12, 13, 14, 15, 17, 19, 25, 27, 28, 29, 31, 34, 37, 38, 39, 40, 41, 44, 47, 48, 49, 52, 60, 68, 69, 70, 71, 72, 73, 74, 75, 76, 77, 79, 81, 82, 83, 84, 85, 86, 87, 88, 89, 90, 94, 96, 97, 98, 99, 100, 105, 106, 107, 108, 112, 115, 116, 117, 118, 120, 122, 123, 124, 125, 129, 131, 140, 141, 142, 143, 144, 145, 146, 147, 148, 149, 151, 161, 169, 170, 171, 172, 173, 178, 181, 187, 188, 189, 199, 201, 202, 203, 204, 207, 215, 216, 217, 218, 219, 220, 221, 223, 224, 233, 235, 236, 237, 238, 239, 240, 241, 244, 245, 246, 247, 248, 251, 253, 254, 258, 259, 260, 261, 262, 263, 264, 265, 266, 267, 268, 269], "summary": {"covered_lines": 133, "num_statements": 133, "percent_covered": 100.0, "percent_covered_display": "100", "missing_lines": 0, "excluded_lines": 0, "percent_statements_covered": 100.0, "percent_statements_covered_display": "100", "num_branches": 42, "num_partial_branches": 0, "covered_branches": 42, "missing_branches": 0, "percent_branches_covered": 100.0, "percent_branches_covered_display": "100"}, "missing_lines": [], "excluded_lines": [], "executed_branches": [[68, 69], [68, 70], [70, 71], [70, 72], [72, 73], [72, 74], [83, 84], [83, 86], [88, 89], [88, 96], [89, 90], [89, 94], [99, 100], [99, 105], [107, 108], [107, 112], [124, 125], [124, 129], [144, 145], [144, 148], [148, 149], [148, 151], [171, 172], [171, 178], [216, 217], [216, 218], [218, 219], [218, 220], [220, 221], [220, 223], [235, 236], [235, 238], [238, 239], [238, 241], [246, 247], [246, 248], [258, 259], [258, 260], [264, 265], [264, 269], [265, 266], [265, 267]], "missing_branches": [], "functions": {"ContextAssembler.__init__": {"executed_lines": [68, 69, 70, 71, 72, 73, 74, 75, 76, 77], "summary": {"covered_lines": 10, "num_statements": 10, "percent_covered": 100.0, "percent_covered_display": "100", "missing_lines": 0, "excluded_lines": 0, "percent_statements_covered": 100.0, "percent_statements_covered_display": "100", "num_branches": 6, "num_partial_branches": 0, "covered_branches": 6, "missing_branches": 0, "percent_branches_covered": 100.0, "percent_branches_covered_display": "100"}, "missing_lines": [], "excluded_lines": [], "start_line": 60, "executed_branches": [[68, 69], [68, 70], [70, 71], [70, 72], [72, 73], [72, 74]], "missing_branches": []}, "ContextAssembler.assemble": {"executed_lines": [81, 82, 83, 84, 85, 86, 87, 88, 89, 90, 94, 96, 97, 98, 99, 100, 105, 106, 107, 108, 112, 115, 116, 117, 118, 120, 122, 123, 124, 125, 129], "summary": {"covered_lines": 31, "num_statements": 31, "percent_covered": 100.0, "percent_covered_display": "100", "missing_lines": 0, "excluded_lines": 0, "percent_statements_covered": 100.0, "percent_statements_covered_display": "100", "num_branches": 12, "num_partial_branches": 0, "covered_branches": 12, "missing_branches": 0, "percent_branches_covered": 100.0, "percent_branches_covered_display": "100"}, "missing_lines": [], "excluded_lines": [], "start_line": 79, "executed_branches": [[83, 84], [83, 86], [88, 89], [88, 96], [89, 90], [89, 94], [99, 100], [99, 105], [107, 108], [107, 112], [124, 125], [124, 129]], "missing_branches": []}, "ContextAssembler._result": {"executed_lines": [140, 141, 142, 143, 144, 145, 146, 147, 148, 149, 151, 161], "summary": {"covered_lines": 12, "num_statements": 12, "percent_covered": 100.0, "percent_covered_display": "100", "missing_lines": 0, "excluded_lines": 0, "percent_statements_covered": 100.0, "percent_statements_covered_display": "100", "num_branches": 4, "num_partial_branches": 0, "covered_branches": 4, "missing_branches": 0, "percent_branches_covered": 100.0, "percent_branches_covered_display": "100"}, "missing_lines": [], "excluded_lines": [], "start_line": 131, "executed_branches": [[144, 145], [144, 148], [148, 149], [148, 151]], "missing_branches": []}, "ContextAssembler._estimate": {"executed_lines": [170, 171, 172, 173, 178], "summary": {"covered_lines": 5, "num_statements": 5, "percent_covered": 100.0, "percent_covered_display": "100", "missing_lines": 0, "excluded_lines": 0, "percent_statements_covered": 100.0, "percent_statements_covered_display": "100", "num_branches": 2, "num_partial_branches": 0, "covered_branches": 2, "missing_branches": 0, "percent_branches_covered": 100.0, "percent_branches_covered
[...]
art_line": 30, "executed_branches": [], "missing_branches": []}, "RiskBasedPolicy.evaluate": {"executed_lines": [40, 41, 42, 43, 44, 48], "summary": {"covered_lines": 6, "num_statements": 6, "percent_covered": 100.0, "percent_covered_display": "100", "missing_lines": 0, "excluded_lines": 0, "percent_statements_covered": 100.0, "percent_statements_covered_display": "100", "num_branches": 4, "num_partial_branches": 0, "covered_branches": 4, "missing_branches": 0, "percent_branches_covered": 100.0, "percent_branches_covered_display": "100"}, "missing_lines": [], "excluded_lines": [], "start_line": 38, "executed_branches": [[41, 42], [41, 43], [43, 44], [43, 48]], "missing_branches": []}, "": {"executed_lines": [3, 5, 6, 8, 9, 12, 15, 16, 17, 20, 23, 24, 27, 30, 35, 38], "summary": {"covered_lines": 16, "num_statements": 16, "percent_covered": 100.0, "percent_covered_display": "100", "missing_lines": 0, "excluded_lines": 2, "percent_statements_covered": 100.0, "percent_statements_covered_display": "100", "num_branches": 0, "num_partial_branches": 0, "covered_branches": 0, "missing_branches": 0, "percent_branches_covered": 100.0, "percent_branches_covered_display": "100"}, "missing_lines": [], "excluded_lines": [33, 34], "start_line": 1, "executed_branches": [], "missing_branches": []}}, "classes": {"PolicyDecisionType": {"executed_lines": [], "summary": {"covered_lines": 0, "num_statements": 0, "percent_covered": 100.0, "percent_covered_display": "100", "missing_lines": 0, "excluded_lines": 0, "percent_statements_covered": 100.0, "percent_statements_covered_display": "100", "num_branches": 0, "num_partial_branches": 0, "covered_branches": 0, "missing_branches": 0, "percent_branches_covered": 100.0, "percent_branches_covered_display": "100"}, "missing_lines": [], "excluded_lines": [], "start_line": 12, "executed_branches": [], "missing_branches": []}, "PolicyDecision": {"executed_lines": [], "summary": {"covered_lines": 0, "num_statements": 0, "percent_covered": 100.0, "percent_covered_display": "100", "missing_lines": 0, "excluded_lines": 0, "percent_statements_covered": 100.0, "percent_statements_covered_display": "100", "num_branches": 0, "num_partial_branches": 0, "covered_branches": 0, "missing_branches": 0, "percent_branches_covered": 100.0, "percent_branches_covered_display": "100"}, "missing_lines": [], "excluded_lines": [], "start_line": 20, "executed_branches": [], "missing_branches": []}, "ToolPolicy": {"executed_lines": [], "summary": {"covered_lines": 0, "num_statements": 0, "percent_covered": 100.0, "percent_covered_display": "100", "missing_lines": 0, "excluded_lines": 1, "percent_statements_covered": 100.0, "percent_statements_covered_display": "100", "num_branches": 0, "num_partial_branches": 0, "covered_branches": 0, "missing_branches": 0, "percent_branches_covered": 100.0, "percent_branches_covered_display": "100"}, "missing_lines": [], "excluded_lines": [32], "start_line": 27, "executed_branches": [], "missing_branches": []}, "RiskBasedPolicy": {"executed_lines": [40, 41, 42, 43, 44, 48], "summary": {"covered_lines": 6, "num_statements": 6, "percent_covered": 100.0, "percent_covered_display": "100", "missing_lines": 0, "excluded_lines": 0, "percent_statements_covered": 100.0, "percent_statements_covered_display": "100", "num_branches": 4, "num_partial_branches": 0, "covered_branches": 4, "missing_branches": 0, "percent_branches_covered": 100.0, "percent_branches_covered_display": "100"}, "missing_lines": [], "excluded_lines": [], "start_line": 35, "executed_branches": [[41, 42], [41, 43], [43, 44], [43, 48]], "missing_branches": []}, "": {"executed_lines": [3, 5, 6, 8, 9, 12, 15, 16, 17, 20, 23, 24, 27, 30, 35, 38], "summary": {"covered_lines": 16, "num_statements": 16, "percent_covered": 100.0, "percent_covered_display": "100", "missing_lines": 0, "excluded_lines": 2, "percent_statements_covered": 100.0, "percent_statements_covered_display": "100", "num_branches": 0, "num_partial_branches": 0, "covered_branches": 0, "missing_branches": 0, "percent_branches_covered": 100.0, "percent_branches_covered_display": "100"}, "missing_lines": [], "excluded_lines": [33, 34], "start_line": 1, "executed_branches": [], "missing_branches": []}}}, "src/forgeharness/tools/process.py": {"executed_lines": [3, 5, 6, 7, 8, 10, 13, 16, 17, 18, 21, 23, 24, 27, 31, 33, 35, 43, 44, 45, 46, 47, 48, 49, 50, 51, 52, 53, 54, 57, 58, 59, 61], "summary": {"covered_lines": 33, "num_statements": 38, "percent_covered": 82.6086956521739, "percent_covered_display": "83", "missing_lines": 5, "excluded_lines": 0, "percent_statements_covered": 86.84210526315789, "percent_statements_covered_display": "87", "num_branches": 8, "num_partial_branches": 3, "covered_branches": 5, "missing_branches": 3, "percent_branches_covered": 62.5, "percent_branches_covered_display": "62"}, "missing_lines": [32, 34, 55, 56, 60], "excluded_lines": [], "executed_branches": [[31, 33], [33, 35], [47, 48], [47, 51], [59, 61]], "missing_branches": [[31, 32], [33, 34], [59, 60]], "functions": {"sanitized_environment": {"executed_lines": [23, 24], "summary": {"covered_lines": 2, "num_statements": 2, "percent_covered": 100.0, "percent_covered_display": "100", "missing_lines": 0, "excluded_lines": 0, "percent_statements_covered": 100.0, "percent_statements_covered_display": "100", "num_branches": 0, "num_partial_branches": 0, "covered_branches": 0, "missing_branches": 0, "percent_branches_covered": 100.0, "percent_branches_covered_display": "100"}, "missing_lines": [], "excluded_lines": [], "start_line": 21, "executed_branches": [], "missing_branches": []}, "run_command": {"executed_lines": [31, 33, 35, 43, 44, 45, 46, 47, 48, 49, 50, 51, 52, 53, 54, 57, 58, 59, 61], "summary": {"covered_lines": 19, "num_statements": 24, "percent_covered": 75.0, "percent_covered_display": "75", "missing_lines": 5, "excluded_lines": 0, "percent_statements_covered": 79.16666666666667, "percent_statements_covered_display": "79", "num_branches": 8, "num_partial_branches": 3, "covered_branches": 5, "missing_branches": 3, "percent_branches_covered": 62.5, "percent_branches_covered_display": "62"}, "missing_lines": [32, 34, 55, 56, 60], "excluded_lines": [], "start_line": 27, "executed_branches": [[31, 33], [33, 35], [47, 48], [47, 51], [59, 61]], "missing_branches": [[31, 32], [33, 34], [59, 60]]}, "": {"executed_lines": [3, 5, 6, 7, 8, 10, 13, 16, 17, 18, 21, 27], "summary": {"covered_lines": 12, "num_statements": 12, "percent_covered": 100.0, "percent_covered_display": "100", "missing_lines": 0, "excluded_lines": 0, "percent_statements_covered": 100.0, "percent_statements_covered_display": "100", "num_branches": 0, "num_partial_branches": 0, "covered_branches": 0, "missing_branches": 0, "percent_branches_covered": 100.0, "percent_branches_covered_display": "100"}, "missing_lines": [], "excluded_lines": [], "start_line": 1, "executed_branches": [], "missing_branches": []}}, "classes": {"CommandResult": {"executed_lines": [], "summary": {"covered_lines": 0, "num_statements": 0, "percent_covered": 100.0, "percent_covered_display": "100", "missing_lines": 0, "excluded_lines": 0, "percent_statements_covered": 100.0, "percent_statements_covered_display": "100", "num_branches": 0, "num_partial_branches": 0, "covered_branches": 0, "missing_branches": 0, "percent_branches_covered": 100.0, "percent_branches_covered_display": "100"}, "missing_lines": [], "excluded_lines": [], "start_line": 13, "executed_branches": [], "missing_branches": []}, "": {"executed_lines": [3, 5, 6, 7, 8, 10, 13, 16, 17, 18, 21, 23, 24, 27, 31, 33, 35, 43, 44, 45, 46, 47, 48, 49, 50, 51, 52, 53, 54, 57, 58, 59, 61], "summary": {"covered_lines": 33, "num_statements": 38, "percent_covered": 82.6086956521739, "percent_covered_display": "83", "missing_lines": 5, "excluded_lines": 0, "percent_statements_covered": 86.84210526315789, "percent_statements_covered_display": "87", "num_branches": 8, "num_partial_branches": 3, "covered_branches": 5, "missing_branches": 3, "percent_branches_covered": 62.5, "percent_branches_covered_display": "62"}, "missing_lines": [32, 34, 55, 56, 60], "excluded_lines": [], "start_line": 1, "executed_branches": [[31, 33], [33, 35], [47, 48], [47, 51], [59, 61]], "missing_branches": [[31, 32], [33, 34], [59, 60]]}}}, "src/forgeharness/tools/registry.py": {"executed_lines": [3, 5, 6, 8, 11, 14, 15, 17, 19, 20, 21, 22, 23, 24, 25, 27, 28, 31, 33, 35, 37, 39, 41], "summary": {"covered_lines": 23, "num_statements": 26, "percent_covered": 88.23529411764706, "percent_covered_display": "88", "missing_lines": 3, "excluded_lines": 0, "percent_statements_covered": 88.46153846153847, "percent_statements_covered_display": "88", "num_branches": 8, "num_partial_branches": 1, "covered_branches": 7, "missing_branches": 1, "percent_branches_covered": 87.5, "percent_branches_covered_display": "88"}, "missing_lines": [29, 30, 32], "excluded_lines": [], "executed_branches": [[20, 21], [20, 22], [22, 23], [22, 27], [24, 25], [24, 33], [31, 33]], "missing_branches": [[31, 32]], "functions": {"ToolRegistry.__init__": {"executed_lines": [15], "summary": {"covered_lines": 1, "num_statements": 1, "percent_covered": 100.0, "percent_covered_display": "100", "missing_lines": 0, "excluded_lines": 0, "percent_statements_covered": 100.0, "percent_statements_covered_display": "100", "num_branches": 0, "num_partial_branches": 0, "covered_branches": 0, "missing_branches": 0, "percent_branches_covered": 100.0, "percent_branches_covered_display": "100"}, "missing_lines": [], "excluded_lines": [], "start_line": 14, "executed_branches": [], "missing_branches": []}, "ToolRegistry.register": {"executed_lines": [19, 20, 21, 22, 23, 24, 25, 27, 28, 31, 33], "summary": {"covered_lines": 11, "num_statements": 14, "percent_covered": 81.81818181818181, "percent_covered_display": "82", "missing_lines": 3, "excluded_lines": 0, "percent_statements_covered": 78.57142857142857, "percent_statements_covered_display": "79", "num_branches": 8, "num_partial_branches": 1, "covered_branches": 7, "missing_branches": 1, "percent_branches_covered": 87.5, "percent_branches_covered_display": "88"}, "missing_lines": [29, 30, 32], "excluded_lines": [], "start_line": 17, "executed_branches": [[20, 21], [20, 22], [22, 23], [22, 27], [24, 25], [24, 33], [31, 33]], "missing_branches": [[31, 32]]}, "ToolRegistry.get": {"executed_lines": [37], "summary": {"covered_lines": 1, "num_statements": 1, "percent_covered": 100.0, "percent_covered_display": "100", "missing_lines": 0, "excluded_lines": 0, "percent_statements_covered": 100.0, "percent_statements_covered_display": "100", "num_branches": 0, "num_partial_branches": 0, "covered_branches": 0, "missing_branches": 0, "percent_branches_covered": 100.0, "percent_branches_covered_display": "100"}, "missing_lines": [], "excluded_lines": [], "start_line": 35, "executed_branches": [], "missing_branches": []}, "ToolRegistry.specs": {"executed_lines": [41], "summary": {"covered_lines": 1, "num_statements": 1, "percent_covered": 100.0, "percent_covered_display": "100", "missing_lines": 0, "excluded_lines": 0, "percent_statements_covered": 100.0, "percent_statements_covered_display": "100", "num_branches": 0, "num_partial_branches": 0, "covered_branches": 0, "missing_branches": 0, "percent_branches_covered": 100.0, "percent_branches_covered_display": "100"}, "missing_lines": [], "excluded_lines": [], "start_line": 39, "executed_branches": [], "missing_branches": []}, "": {"executed_lines": [3, 5, 6, 8, 11, 14, 17, 35, 39], "summary": {"covered_lines": 9, "num_statements": 9, "percent_covered": 100.0, "percent_covered_display": "100", "missing_lines": 0, "excluded_lines": 0, "percent_statements_covered": 100.0, "percent_statements_covered_display": "100", "num_branches": 0, "num_partial_branches": 0, "covered_branches": 0, "missing_branches": 0, "percent_branches_covered": 100.0, "percent_branches_covered_display": "100"}, "missing_lines": [], "excluded_lines": [], "start_line": 1, "executed_branches": [], "missing_branches": []}}, "classes": {"ToolRegistry": {"executed_lines": [15, 19, 20, 21, 22, 23, 24, 25, 27, 28, 31, 33, 37, 41], "summary": {"covered_lines": 14, "num_statements": 17, "percent_covered": 84.0, "percent_covered_display": "84", "missing_lines": 3, "excluded_lines": 0, "percent_statements_covered": 82.3529411764706, "percent_statements_covered_display": "82", "num_branches": 8, "num_partial_branches": 1, "covered_branches": 7, "missing_branches": 1, "percent_branches_covered": 87.5, "percent_branches_covered_display": "88"}, "missing_lines": [29, 30, 32], "excluded_lines": [], "start_line": 11, "executed_branches": [[20, 21], [20, 22], [22, 23], [22, 27], [24, 25], [24, 33], [31, 33]], "missing_branches": [[31, 32]]}, "": {"executed_lines": [3, 5, 6, 8, 11, 14, 17, 35, 39], "summary": {"covered_lines": 9, "num_statements": 9, "percent_covered": 100.0, "percent_covered_display": "100", "missing_lines": 0, "excluded_lines": 0, "percent_statements_covered": 100.0, "percent_statements_covered_display": "100", "num_branches": 0, "num_partial_branches": 0, "covered_branches": 0, "missing_branches": 0, "percent_branches_covered": 100.0, "percent_branches_covered_display": "100"}, "missing_lines": [], "excluded_lines": [], "start_line": 1, "executed_branches": [], "missing_branches": []}}}, "src/forgeharness/web.py": {"executed_lines": [4, 70], "summary": {"covered_lines": 2, "num_statements": 2, "percent_covered": 100.0, "percent_covered_display": "100", "missing_lines": 0, "excluded_lines": 0, "percent_statements_covered": 100.0, "percent_statements_covered_display": "100", "num_branches": 0, "num_partial_branches": 0, "covered_branches": 0, "missing_branches": 0, "percent_branches_covered": 100.0, "percent_branches_covered_display": "100"}, "missing_lines": [], "excluded_lines": [], "executed_branches": [], "missing_branches": [], "functions": {"": {"executed_lines": [4, 70], "summary": {"covered_lines": 2, "num_statements": 2, "percent_covered": 100.0, "percent_covered_display": "100", "missing_lines": 0, "excluded_lines": 0, "percent_statements_covered": 100.0, "percent_statements_covered_display": "100", "num_branches": 0, "num_partial_branches": 0, "covered_branches": 0, "missing_branches": 0, "percent_branches_covered": 100.0, "percent_branches_covered_display": "100"}, "missing_lines": [], "excluded_lines": [], "start_line": 1, "executed_branches": [], "missing_branches": []}}, "classes": {"": {"executed_lines": [4, 70], "summary": {"covered_lines": 2, "num_statements": 2, "percent_covered": 100.0, "percent_covered_display": "100", "missing_lines": 0, "excluded_lines": 0, "percent_statements_covered": 100.0, "percent_statements_covered_display": "100", "num_branches": 0, "num_partial_branches": 0, "covered_branches": 0, "missing_branches": 0, "percent_branches_covered": 100.0, "percent_branches_covered_display": "100"}, "missing_lines": [], "excluded_lines": [], "start_line": 1, "executed_branches": [], "missing_branches": []}}}, "src/forgeharness/worker.py": {"executed_lines": [], "summary": {"covered_lines": 0, "num_statements": 40, "percent_covered": 0.0, "percent_covered_display": "0", "missing_lines": 40, "excluded_lines": 0, "percent_statements_covered": 0.0, "percent_statements_covered_display": "0", "num_branches": 8, "num_partial_branches": 0, "covered_branches": 0, "missing_branches": 8, "percent_branches_covered": 0.0, "percent_branches_covered_display": "0"}, "missing_lines": [3, 5, 6, 7, 8, 10, 11, 13, 14, 15, 18, 20, 21, 22, 23, 24, 31, 32, 33, 34, 37, 39, 40, 41, 42, 43, 44, 45, 46, 47, 49, 52, 55, 56, 57, 58, 59, 60, 63, 64], "excluded_lines": [], "executed_branches": [], "missing_branches": [[33, -31], [33, 34], [40, 41], [40, 42], [44, 45], [44, 46], [47, -37], [47, 49]], "functions": {"startup": {"executed_lines": [], "summary": {"covered_lines": 0, "num_statements": 5, "percent_covered": 0.0, "percent_covered_display": "0", "missing_lines": 5, "excluded_lines": 0, "percent_statements_covered": 0.0, "percent_statements_covered_display": "0", "num_branches": 0, "num_partial_branches": 0, "covered_branches": 0, "missing_branches": 0, "percent_branches_covered": 100.0, "percent_branches_covered_display": "100"}, "missing_lines": [20, 21, 22, 23, 24], "excluded_lines": [], "start_line": 18, "executed_branches": [], "missing_branches": []}, "shutdown": {"executed_lines": [], "summary": {"covered_lines": 0, "num_statements": 3, "percent_covered": 0.0, "percent_covered_display": "0", "missing_lines": 3, "excluded_lines": 0, "percent_statements_covered": 0.0, "percent_statements_covered_display": "0", "num_branches": 2, "num_partial_branches": 0, "covered_branches": 0, "missing_branches": 2, "percent_branches_covered": 0.0, "percent_branches_covered_display": "0"}, "missing_lines": [32, 33, 34], "excluded_lines": [], "start_line": 31, "executed_branches": [], "missing_branches": [[33, -31], [33, 34]]}, "ingest_document": {"executed_lines": [], "summary": {"covered_lines": 0, "num_statements": 10, "percent_covered": 0.0, "percent_covered_display": "0", "missing_lines": 10, "excluded_lines": 0, "percent_statements_covered": 0.0, "percent_statements_covered_display": "0", "num_branches": 6, "num_partial_branches": 0, "covered_branches": 0, "missing_branches": 6, "percent_branches_covered": 0.0, "percent_branches_covered_display": "0"}, "missing_lines": [39, 40, 41, 42, 43, 44, 45, 46, 47, 49], "excluded_lines": [], "start_line": 37, "executed_branches": [], "missing_branches": [[40, 41], [40, 42], [44, 45], [44, 46], [47, -37], [47, 49]]}, "": {"executed_lines": [], "summary": {"covered_lines": 0, "num_statements": 22, "percent_covered": 0.0, "percent_covered_display": "0", "missing_lines": 22, "excluded_lines": 0, "percent_statements_covered": 0.0, "percent_statements_covered_display": "0", "num_branches": 0, "num_partial_branches": 0, "covered_branches": 0, "missing_branches": 0, "percent_branches_covered": 100.0, "percent_branches_covered_display": "100"}, "missing_lines": [3, 5, 6, 7, 8, 10, 11, 13, 14, 15, 18, 31, 37, 52, 55, 56, 57, 58, 59, 60, 63, 64], "excluded_lines": [], "start_line": 1, "executed_branches": [], "missing_branches": []}}, "classes": {"WorkerSettings": {"executed_lines": [], "summary": {"covered_lines": 0, "num_statements": 0, "percent_covered": 100.0, "percent_covered_display": "100", "missing_lines": 0, "excluded_lines": 0, "percent_statements_covered": 100.0, "percent_statements_covered_display": "100", "num_branches": 0, "num_partial_branches": 0, "covered_branches": 0, "missing_branches": 0, "percent_branches_covered": 100.0, "percent_branches_covered_display": "100"}, "missing_lines": [], "excluded_lines": [], "start_line": 52, "executed_branches": [], "missing_branches": []}, "": {"executed_lines": [], "summary": {"covered_lines": 0, "num_statements": 40, "percent_covered": 0.0, "percent_covered_display": "0", "missing_lines": 40, "excluded_lines": 0, "percent_statements_covered": 0.0, "percent_statements_covered_display": "0", "num_branches": 8, "num_partial_branches": 0, "covered_branches": 0, "missing_branches": 8, "percent_branches_covered": 0.0, "percent_branches_covered_display": "0"}, "missing_lines": [3, 5, 6, 7, 8, 10, 11, 13, 14, 15, 18, 20, 21, 22, 23, 24, 31, 32, 33, 34, 37, 39, 40, 41, 42, 43, 44, 45, 46, 47, 49, 52, 55, 56, 57, 58, 59, 60, 63, 64], "excluded_lines": [], "start_line": 1, "executed_branches": [], "missing_branches": [[33, -31], [33, 34], [40, 41], [40, 42], [44, 45], [44, 46], [47, -37], [47, 49]]}}}}, "totals": {"covered_lines": 4203, "num_statements": 4594, "percent_covered": 90.40550325850833, "percent_covered_display": "90", "missing_lines": 391, "excluded_lines": 189, "percent_statements_covered": 91.4888985633435, "percent_statements_covered_display": "91", "num_branches": 930, "num_partial_branches": 97, "covered_branches": 791, "missing_branches": 139, "percent_branches_covered": 85.05376344086021, "percent_branches_covered_display": "85"}}